2015-01-04T10:45:25.810-0500 I CONTROL  [initandlisten] MongoDB starting : pid=21917 port=27017 dbpath=/home/bdlucas/repro/db 64-bit host=ubuntu
2015-01-04T10:45:25.810-0500 I CONTROL  [initandlisten] db version v2.8.0-rc1
2015-01-04T10:45:25.810-0500 I CONTROL  [initandlisten] git version: c8171e7f969519af8b87a43425ae291ee69a0191
2015-01-04T10:45:25.810-0500 I CONTROL  [initandlisten] build info: Linux build14.nj1.10gen.cc 2.6.32-431.3.1.el6.x86_64 #1 SMP Fri Jan 3 21:39:27 UTC 2014 x86_64 BOOST_LIB_VERSION=1_49
2015-01-04T10:45:25.810-0500 I CONTROL  [initandlisten] allocator: tcmalloc
2015-01-04T10:45:25.810-0500 I CONTROL  [initandlisten] options: { processManagement: { fork: true }, replication: { oplogSizeMB: 50, replSet: "rs" }, storage: { dbPath: "db", engine: "wiredTiger" }, systemLog: { destination: "file", path: "db.log" } }
2015-01-04T10:45:25.810-0500 I STORAGE  [initandlisten] wiredtiger_open config: create,cache_size=3G,session_max=20000,extensions=[local=(entry=index_collator_extension)],statistics=(all),log=(enabled=true,archive=true,path=journal),checkpoint=(wait=60,log_size=2GB),
2015-01-04T10:45:25.829-0500 I REPL     [initandlisten] Did not find local replica set configuration document at startup;  NoMatchingDocument Did not find replica set configuration document in local.system.replset
2015-01-04T10:45:25.832-0500 I NETWORK  [initandlisten] waiting for connections on port 27017
2015-01-04T10:45:25.866-0500 I NETWORK  [initandlisten] connection accepted from 127.0.0.1:45416 #1 (1 connection now open)
2015-01-04T10:45:25.867-0500 I COMMAND  [conn1] replSet info initiate : no configuration specified.  Using a default configuration for the set
2015-01-04T10:45:25.867-0500 I COMMAND  [conn1] replSet created this configuration for initiation : { _id: "rs", version: 1, members: [ { _id: 0, host: "ubuntu:27017" } ] }
2015-01-04T10:45:25.867-0500 I REPL     [conn1] replSetInitiate admin command received from client
2015-01-04T10:45:25.868-0500 I NETWORK  [initandlisten] connection accepted from 127.0.0.1:46289 #2 (2 connections now open)
2015-01-04T10:45:25.869-0500 I REPL     [conn1] replSet replSetInitiate config object with 1 members parses ok
2015-01-04T10:45:25.869-0500 I NETWORK  [conn2] end connection 127.0.0.1:46289 (1 connection now open)
2015-01-04T10:45:25.871-0500 I REPL     [ReplicationExecutor] transition to STARTUP2
2015-01-04T10:45:25.871-0500 I REPL     [conn1] ******
2015-01-04T10:45:25.871-0500 I REPL     [conn1] creating replication oplog of size: 50MB...
2015-01-04T10:45:25.887-0500 I REPL     [conn1] ******
2015-01-04T10:45:25.887-0500 I REPL     [conn1] Starting replication applier threads
2015-01-04T10:45:25.887-0500 I REPL     [ReplicationExecutor] transition to RECOVERING
2015-01-04T10:45:25.889-0500 I REPL     [ReplicationExecutor] transition to PRIMARY
2015-01-04T10:45:25.889-0500 I REPL     [rsSync] transition to primary complete; database writes are now permitted
2015-01-04T10:45:26.891-0500 I NETWORK  [conn1] end connection 127.0.0.1:45416 (0 connections now open)
2015-01-04T10:45:26.934-0500 I NETWORK  [initandlisten] connection accepted from 127.0.0.1:45418 #3 (1 connection now open)
2015-01-04T10:45:26.940-0500 I NETWORK  [initandlisten] connection accepted from 127.0.0.1:45419 #4 (2 connections now open)
2015-01-04T10:45:26.942-0500 I COMMAND  [conn4] CMD: drop test.c
2015-01-04T10:45:26.956-0500 I NETWORK  [initandlisten] connection accepted from 127.0.0.1:45420 #5 (3 connections now open)
2015-01-04T10:45:27.210-0500 I QUERY    [conn4] command test.$cmd command: update { $msg: "query not recording (too large)" } keyUpdates:0  reslen:95 105ms
2015-01-04T10:46:02.051-0500 I WRITE    [conn4] update test.c query: { _id: 0.0 } update: { _id: 0.0, i: 507656.0 } nscanned:1 nscannedObjects:1 nMatched:1 nModified:1 keyUpdates:0  155ms
2015-01-04T10:46:02.073-0500 I QUERY    [conn4] command test.$cmd command: update { $msg: "query not recording (too large)" } keyUpdates:0  reslen:95 221ms
2015-01-04T10:46:05.951-0500 I QUERY    [conn4] command test.$cmd command: update { $msg: "query not recording (too large)" } keyUpdates:0  reslen:95 102ms
2015-01-04T10:46:08.024-0500 I QUERY    [conn4] command test.$cmd command: update { $msg: "query not recording (too large)" } keyUpdates:0  reslen:95 108ms
2015-01-04T10:46:10.071-0500 I QUERY    [conn4] command test.$cmd command: update { $msg: "query not recording (too large)" } keyUpdates:0  reslen:95 105ms
2015-01-04T10:46:12.104-0500 I QUERY    [conn4] command test.$cmd command: update { $msg: "query not recording (too large)" } keyUpdates:0  reslen:95 110ms
2015-01-04T10:46:14.138-0500 I QUERY    [conn4] command test.$cmd command: update { $msg: "query not recording (too large)" } keyUpdates:0  reslen:95 111ms
2015-01-04T10:46:18.236-0500 I QUERY    [conn4] command test.$cmd command: update { $msg: "query not recording (too large)" } keyUpdates:0  reslen:95 120ms
2015-01-04T10:46:20.236-0500 I QUERY    [conn4] command test.$cmd command: update { $msg: "query not recording (too large)" } keyUpdates:0  reslen:95 118ms
2015-01-04T10:46:24.362-0500 I QUERY    [conn4] command test.$cmd command: update { $msg: "query not recording (too large)" } keyUpdates:0  reslen:95 123ms
2015-01-04T10:46:26.040-0500 I QUERY    [conn4] command test.$cmd command: update { $msg: "query not recording (too large)" } keyUpdates:0  reslen:95 101ms
2015-01-04T10:46:26.910-0500 I QUERY    [conn4] command test.$cmd command: update { $msg: "query not recording (too large)" } keyUpdates:0  reslen:95 113ms
2015-01-04T10:46:28.376-0500 I QUERY    [conn4] command test.$cmd command: update { $msg: "query not recording (too large)" } keyUpdates:0  reslen:95 134ms
2015-01-04T10:46:29.348-0500 I QUERY    [conn4] command test.$cmd command: update { $msg: "query not recording (too large)" } keyUpdates:0  reslen:95 111ms
2015-01-04T10:46:29.458-0500 I QUERY    [conn4] command test.$cmd command: update { $msg: "query not recording (too large)" } keyUpdates:0  reslen:95 103ms
2015-01-04T10:46:30.461-0500 I QUERY    [conn4] command test.$cmd command: update { $msg: "query not recording (too large)" } keyUpdates:0  reslen:95 132ms
2015-01-04T10:46:32.515-0500 I QUERY    [conn4] command test.$cmd command: update { $msg: "query not recording (too large)" } keyUpdates:0  reslen:95 130ms
2015-01-04T10:46:34.495-0500 I QUERY    [conn4] command test.$cmd command: update { $msg: "query not recording (too large)" } keyUpdates:0  reslen:95 128ms
2015-01-04T10:46:36.170-0500 I QUERY    [conn4] command test.$cmd command: update { $msg: "query not recording (too large)" } keyUpdates:0  reslen:95 102ms
2015-01-04T10:46:36.296-0500 I QUERY    [conn4] command test.$cmd command: update { $msg: "query not recording (too large)" } keyUpdates:0  reslen:95 119ms
2015-01-04T10:46:36.540-0500 I QUERY    [conn4] command test.$cmd command: update { $msg: "query not recording (too large)" } keyUpdates:0  reslen:95 132ms
2015-01-04T10:46:37.065-0500 I QUERY    [conn4] command test.$cmd command: update { $msg: "query not recording (too large)" } keyUpdates:0  reslen:95 110ms
2015-01-04T10:46:37.983-0500 I QUERY    [conn4] command test.$cmd command: update { $msg: "query not recording (too large)" } keyUpdates:0  reslen:95 101ms
2015-01-04T10:46:38.626-0500 I QUERY    [conn4] command test.$cmd command: update { $msg: "query not recording (too large)" } keyUpdates:0  reslen:95 137ms
2015-01-04T10:46:39.156-0500 I QUERY    [conn4] command test.$cmd command: update { $msg: "query not recording (too large)" } keyUpdates:0  reslen:95 102ms
2015-01-04T10:46:39.371-0500 I QUERY    [conn4] command test.$cmd command: update { $msg: "query not recording (too large)" } keyUpdates:0  reslen:95 102ms
2015-01-04T10:46:39.763-0500 I QUERY    [conn4] command test.$cmd command: update { $msg: "query not recording (too large)" } keyUpdates:0  reslen:95 101ms
2015-01-04T10:46:39.871-0500 I QUERY    [conn4] command test.$cmd command: update { $msg: "query not recording (too large)" } keyUpdates:0  reslen:95 101ms
2015-01-04T10:46:40.191-0500 I QUERY    [conn4] command test.$cmd command: update { $msg: "query not recording (too large)" } keyUpdates:0  reslen:95 101ms
2015-01-04T10:46:40.649-0500 I QUERY    [conn4] command test.$cmd command: update { $msg: "query not recording (too large)" } keyUpdates:0  reslen:95 136ms
2015-01-04T10:46:41.041-0500 I QUERY    [conn4] command test.$cmd command: update { $msg: "query not recording (too large)" } keyUpdates:0  reslen:95 101ms
2015-01-04T10:46:41.148-0500 I QUERY    [conn4] command test.$cmd command: update { $msg: "query not recording (too large)" } keyUpdates:0  reslen:95 101ms
2015-01-04T10:46:41.790-0500 I QUERY    [conn4] command test.$cmd command: update { $msg: "query not recording (too large)" } keyUpdates:0  reslen:95 102ms
2015-01-04T10:46:42.290-0500 I QUERY    [conn4] command test.$cmd command: update { $msg: "query not recording (too large)" } keyUpdates:0  reslen:95 101ms
2015-01-04T10:46:42.400-0500 I QUERY    [conn4] command test.$cmd command: update { $msg: "query not recording (too large)" } keyUpdates:0  reslen:95 103ms
2015-01-04T10:46:42.507-0500 I QUERY    [conn4] command test.$cmd command: update { $msg: "query not recording (too large)" } keyUpdates:0  reslen:95 101ms
2015-01-04T10:46:42.650-0500 I QUERY    [conn4] command test.$cmd command: update { $msg: "query not recording (too large)" } keyUpdates:0  reslen:95 137ms
2015-01-04T10:46:42.758-0500 I QUERY    [conn4] command test.$cmd command: update { $msg: "query not recording (too large)" } keyUpdates:0  reslen:95 101ms
2015-01-04T10:46:43.373-0500 I QUERY    [conn4] command test.$cmd command: update { $msg: "query not recording (too large)" } keyUpdates:0  reslen:95 104ms
2015-01-04T10:46:43.485-0500 I QUERY    [conn4] command test.$cmd command: update { $msg: "query not recording (too large)" } keyUpdates:0  reslen:95 103ms
2015-01-04T10:46:43.594-0500 I QUERY    [conn4] command test.$cmd command: update { $msg: "query not recording (too large)" } keyUpdates:0  reslen:95 103ms
2015-01-04T10:46:43.703-0500 I QUERY    [conn4] command test.$cmd command: update { $msg: "query not recording (too large)" } keyUpdates:0  reslen:95 103ms
2015-01-04T10:46:43.812-0500 I QUERY    [conn4] command test.$cmd command: update { $msg: "query not recording (too large)" } keyUpdates:0  reslen:95 102ms
2015-01-04T10:46:44.029-0500 I QUERY    [conn4] command test.$cmd command: update { $msg: "query not recording (too large)" } keyUpdates:0  reslen:95 102ms
2015-01-04T10:46:44.146-0500 I QUERY    [conn4] command test.$cmd command: update { $msg: "query not recording (too large)" } keyUpdates:0  reslen:95 110ms
2015-01-04T10:46:44.334-0500 I QUERY    [conn4] command test.$cmd command: update { $msg: "query not recording (too large)" } keyUpdates:0  reslen:95 104ms
2015-01-04T10:46:44.445-0500 I QUERY    [conn4] command test.$cmd command: update { $msg: "query not recording (too large)" } keyUpdates:0  reslen:95 104ms
2015-01-04T10:46:44.555-0500 I QUERY    [conn4] command test.$cmd command: update { $msg: "query not recording (too large)" } keyUpdates:0  reslen:95 104ms
2015-01-04T10:46:44.703-0500 I QUERY    [conn4] command test.$cmd command: update { $msg: "query not recording (too large)" } keyUpdates:0  reslen:95 141ms
2015-01-04T10:46:44.811-0500 I QUERY    [conn4] command test.$cmd command: update { $msg: "query not recording (too large)" } keyUpdates:0  reslen:95 102ms
2015-01-04T10:46:44.918-0500 I QUERY    [conn4] command test.$cmd command: update { $msg: "query not recording (too large)" } keyUpdates:0  reslen:95 101ms
2015-01-04T10:46:45.029-0500 I QUERY    [conn4] command test.$cmd command: update { $msg: "query not recording (too large)" } keyUpdates:0  reslen:95 102ms
2015-01-04T10:46:45.140-0500 I QUERY    [conn4] command test.$cmd command: update { $msg: "query not recording (too large)" } keyUpdates:0  reslen:95 103ms
2015-01-04T10:46:45.254-0500 I QUERY    [conn4] command test.$cmd command: update { $msg: "query not recording (too large)" } keyUpdates:0  reslen:95 108ms
2015-01-04T10:46:45.370-0500 I QUERY    [conn4] command test.$cmd command: update { $msg: "query not recording (too large)" } keyUpdates:0  reslen:95 105ms
2015-01-04T10:46:45.559-0500 I QUERY    [conn4] command test.$cmd command: update { $msg: "query not recording (too large)" } keyUpdates:0  reslen:95 107ms
2015-01-04T10:46:45.669-0500 I QUERY    [conn4] command test.$cmd command: update { $msg: "query not recording (too large)" } keyUpdates:0  reslen:95 104ms
2015-01-04T10:46:45.780-0500 I QUERY    [conn4] command test.$cmd command: update { $msg: "query not recording (too large)" } keyUpdates:0  reslen:95 105ms
2015-01-04T10:46:45.889-0500 I QUERY    [conn4] command test.$cmd command: update { $msg: "query not recording (too large)" } keyUpdates:0  reslen:95 103ms
2015-01-04T10:46:46.000-0500 I QUERY    [conn4] command test.$cmd command: update { $msg: "query not recording (too large)" } keyUpdates:0  reslen:95 104ms
2015-01-04T10:46:46.109-0500 I QUERY    [conn4] command test.$cmd command: update { $msg: "query not recording (too large)" } keyUpdates:0  reslen:95 103ms
2015-01-04T10:46:46.219-0500 I QUERY    [conn4] command test.$cmd command: update { $msg: "query not recording (too large)" } keyUpdates:0  reslen:95 103ms
2015-01-04T10:46:46.327-0500 I QUERY    [conn4] command test.$cmd command: update { $msg: "query not recording (too large)" } keyUpdates:0  reslen:95 102ms
2015-01-04T10:46:46.439-0500 I QUERY    [conn4] command test.$cmd command: update { $msg: "query not recording (too large)" } keyUpdates:0  reslen:95 105ms
2015-01-04T10:46:46.555-0500 I QUERY    [conn4] command test.$cmd command: update { $msg: "query not recording (too large)" } keyUpdates:0  reslen:95 107ms
2015-01-04T10:46:46.776-0500 I QUERY    [conn4] command test.$cmd command: update { $msg: "query not recording (too large)" } keyUpdates:0  reslen:95 140ms
2015-01-04T10:46:46.887-0500 I QUERY    [conn4] command test.$cmd command: update { $msg: "query not recording (too large)" } keyUpdates:0  reslen:95 105ms
2015-01-04T10:46:47.001-0500 I QUERY    [conn4] command test.$cmd command: update { $msg: "query not recording (too large)" } keyUpdates:0  reslen:95 103ms
2015-01-04T10:46:47.110-0500 I QUERY    [conn4] command test.$cmd command: update { $msg: "query not recording (too large)" } keyUpdates:0  reslen:95 102ms
2015-01-04T10:46:47.220-0500 I QUERY    [conn4] command test.$cmd command: update { $msg: "query not recording (too large)" } keyUpdates:0  reslen:95 103ms
2015-01-04T10:46:47.330-0500 I QUERY    [conn4] command test.$cmd command: update { $msg: "query not recording (too large)" } keyUpdates:0  reslen:95 103ms
2015-01-04T10:46:47.443-0500 I QUERY    [conn4] command test.$cmd command: update { $msg: "query not recording (too large)" } keyUpdates:0  reslen:95 104ms
2015-01-04T10:46:47.555-0500 I QUERY    [conn4] command test.$cmd command: update { $msg: "query not recording (too large)" } keyUpdates:0  reslen:95 103ms
2015-01-04T10:46:47.666-0500 I QUERY    [conn4] command test.$cmd command: update { $msg: "query not recording (too large)" } keyUpdates:0  reslen:95 104ms
2015-01-04T10:46:47.777-0500 I QUERY    [conn4] command test.$cmd command: update { $msg: "query not recording (too large)" } keyUpdates:0  reslen:95 105ms
2015-01-04T10:46:47.968-0500 I QUERY    [conn4] command test.$cmd command: update { $msg: "query not recording (too large)" } keyUpdates:0  reslen:95 107ms
2015-01-04T10:46:48.084-0500 I QUERY    [conn4] command test.$cmd command: update { $msg: "query not recording (too large)" } keyUpdates:0  reslen:95 108ms
2015-01-04T10:46:48.198-0500 I QUERY    [conn4] command test.$cmd command: update { $msg: "query not recording (too large)" } keyUpdates:0  reslen:95 108ms
2015-01-04T10:46:48.311-0500 I QUERY    [conn4] command test.$cmd command: update { $msg: "query not recording (too large)" } keyUpdates:0  reslen:95 107ms
2015-01-04T10:46:48.428-0500 I QUERY    [conn4] command test.$cmd command: update { $msg: "query not recording (too large)" } keyUpdates:0  reslen:95 108ms
2015-01-04T10:46:48.543-0500 I QUERY    [conn4] command test.$cmd command: update { $msg: "query not recording (too large)" } keyUpdates:0  reslen:95 109ms
2015-01-04T10:46:48.660-0500 I QUERY    [conn4] command test.$cmd command: update { $msg: "query not recording (too large)" } keyUpdates:0  reslen:95 108ms
2015-01-04T10:46:48.811-0500 I QUERY    [conn4] command test.$cmd command: update { $msg: "query not recording (too large)" } keyUpdates:0  reslen:95 144ms
2015-01-04T10:46:48.927-0500 I QUERY    [conn4] command test.$cmd command: update { $msg: "query not recording (too large)" } keyUpdates:0  reslen:95 109ms
2015-01-04T10:46:49.041-0500 I QUERY    [conn4] command test.$cmd command: update { $msg: "query not recording (too large)" } keyUpdates:0  reslen:95 107ms
2015-01-04T10:46:49.229-0500 I QUERY    [conn4] command test.$cmd command: update { $msg: "query not recording (too large)" } keyUpdates:0  reslen:95 109ms
2015-01-04T10:46:49.347-0500 I QUERY    [conn4] command test.$cmd command: update { $msg: "query not recording (too large)" } keyUpdates:0  reslen:95 111ms
2015-01-04T10:46:49.473-0500 I QUERY    [conn4] command test.$cmd command: update { $msg: "query not recording (too large)" } keyUpdates:0  reslen:95 120ms
2015-01-04T10:46:49.589-0500 I QUERY    [conn4] command test.$cmd command: update { $msg: "query not recording (too large)" } keyUpdates:0  reslen:95 110ms
2015-01-04T10:46:49.705-0500 I QUERY    [conn4] command test.$cmd command: update { $msg: "query not recording (too large)" } keyUpdates:0  reslen:95 109ms
2015-01-04T10:46:49.821-0500 I QUERY    [conn4] command test.$cmd command: update { $msg: "query not recording (too large)" } keyUpdates:0  reslen:95 109ms
2015-01-04T10:46:49.939-0500 I QUERY    [conn4] command test.$cmd command: update { $msg: "query not recording (too large)" } keyUpdates:0  reslen:95 110ms
2015-01-04T10:46:50.057-0500 I QUERY    [conn4] command test.$cmd command: update { $msg: "query not recording (too large)" } keyUpdates:0  reslen:95 110ms
2015-01-04T10:46:50.174-0500 I QUERY    [conn4] command test.$cmd command: update { $msg: "query not recording (too large)" } keyUpdates:0  reslen:95 110ms
2015-01-04T10:46:50.289-0500 I QUERY    [conn4] command test.$cmd command: update { $msg: "query not recording (too large)" } keyUpdates:0  reslen:95 109ms
2015-01-04T10:46:50.482-0500 I QUERY    [conn4] command test.$cmd command: update { $msg: "query not recording (too large)" } keyUpdates:0  reslen:95 109ms
2015-01-04T10:46:50.597-0500 I QUERY    [conn4] command test.$cmd command: update { $msg: "query not recording (too large)" } keyUpdates:0  reslen:95 109ms
2015-01-04T10:46:50.713-0500 I QUERY    [conn4] command test.$cmd command: update { $msg: "query not recording (too large)" } keyUpdates:0  reslen:95 109ms
2015-01-04T10:46:50.867-0500 I QUERY    [conn4] command test.$cmd command: update { $msg: "query not recording (too large)" } keyUpdates:0  reslen:95 147ms
2015-01-04T10:46:50.983-0500 I QUERY    [conn4] command test.$cmd command: update { $msg: "query not recording (too large)" } keyUpdates:0  reslen:95 111ms
2015-01-04T10:46:51.100-0500 I QUERY    [conn4] command test.$cmd command: update { $msg: "query not recording (too large)" } keyUpdates:0  reslen:95 110ms
2015-01-04T10:46:51.222-0500 I QUERY    [conn4] command test.$cmd command: update { $msg: "query not recording (too large)" } keyUpdates:0  reslen:95 113ms
2015-01-04T10:46:51.341-0500 I QUERY    [conn4] command test.$cmd command: update { $msg: "query not recording (too large)" } keyUpdates:0  reslen:95 113ms
2015-01-04T10:46:51.462-0500 I QUERY    [conn4] command test.$cmd command: update { $msg: "query not recording (too large)" } keyUpdates:0  reslen:95 115ms
2015-01-04T10:46:51.580-0500 I QUERY    [conn4] command test.$cmd command: update { $msg: "query not recording (too large)" } keyUpdates:0  reslen:95 111ms
2015-01-04T10:46:51.773-0500 I QUERY    [conn4] command test.$cmd command: update { $msg: "query not recording (too large)" } keyUpdates:0  reslen:95 111ms
2015-01-04T10:46:51.894-0500 I QUERY    [conn4] command test.$cmd command: update { $msg: "query not recording (too large)" } keyUpdates:0  reslen:95 114ms
2015-01-04T10:46:52.017-0500 I QUERY    [conn4] command test.$cmd command: update { $msg: "query not recording (too large)" } keyUpdates:0  reslen:95 117ms
2015-01-04T10:46:52.141-0500 I QUERY    [conn4] command test.$cmd command: update { $msg: "query not recording (too large)" } keyUpdates:0  reslen:95 115ms
2015-01-04T10:46:52.258-0500 I QUERY    [conn4] command test.$cmd command: update { $msg: "query not recording (too large)" } keyUpdates:0  reslen:95 111ms
2015-01-04T10:46:52.382-0500 I QUERY    [conn4] command test.$cmd command: update { $msg: "query not recording (too large)" } keyUpdates:0  reslen:95 113ms
2015-01-04T10:46:52.502-0500 I QUERY    [conn4] command test.$cmd command: update { $msg: "query not recording (too large)" } keyUpdates:0  reslen:95 114ms
2015-01-04T10:46:52.621-0500 I QUERY    [conn4] command test.$cmd command: update { $msg: "query not recording (too large)" } keyUpdates:0  reslen:95 113ms
2015-01-04T10:46:52.739-0500 I QUERY    [conn4] command test.$cmd command: update { $msg: "query not recording (too large)" } keyUpdates:0  reslen:95 111ms
2015-01-04T10:46:52.895-0500 I QUERY    [conn4] command test.$cmd command: update { $msg: "query not recording (too large)" } keyUpdates:0  reslen:95 150ms
2015-01-04T10:46:53.089-0500 I QUERY    [conn4] command test.$cmd command: update { $msg: "query not recording (too large)" } keyUpdates:0  reslen:95 114ms
2015-01-04T10:46:53.209-0500 I QUERY    [conn4] command test.$cmd command: update { $msg: "query not recording (too large)" } keyUpdates:0  reslen:95 114ms
2015-01-04T10:46:53.331-0500 I QUERY    [conn4] command test.$cmd command: update { $msg: "query not recording (too large)" } keyUpdates:0  reslen:95 113ms
2015-01-04T10:46:53.455-0500 I QUERY    [conn4] command test.$cmd command: update { $msg: "query not recording (too large)" } keyUpdates:0  reslen:95 116ms
2015-01-04T10:46:53.576-0500 I QUERY    [conn4] command test.$cmd command: update { $msg: "query not recording (too large)" } keyUpdates:0  reslen:95 114ms
2015-01-04T10:46:53.766-0500 I WRITE    [conn4] update test.c query: { _id: 0.0 } update: { _id: 0.0, i: 1015198.0 } nscanned:1 nscannedObjects:1 nMatched:1 nModified:1 keyUpdates:0  161ms
2015-01-04T10:46:53.851-0500 I QUERY    [conn4] command test.$cmd command: update { $msg: "query not recording (too large)" } keyUpdates:0  reslen:95 266ms
2015-01-04T10:46:53.966-0500 I QUERY    [conn4] command test.$cmd command: update { $msg: "query not recording (too large)" } keyUpdates:0  reslen:95 107ms
2015-01-04T10:46:54.076-0500 I QUERY    [conn4] command test.$cmd command: update { $msg: "query not recording (too large)" } keyUpdates:0  reslen:95 104ms
2015-01-04T10:46:54.186-0500 I QUERY    [conn4] command test.$cmd command: update { $msg: "query not recording (too large)" } keyUpdates:0  reslen:95 103ms
2015-01-04T10:46:54.298-0500 I QUERY    [conn4] command test.$cmd command: update { $msg: "query not recording (too large)" } keyUpdates:0  reslen:95 104ms
2015-01-04T10:46:54.487-0500 I QUERY    [conn4] command test.$cmd command: update { $msg: "query not recording (too large)" } keyUpdates:0  reslen:95 104ms
2015-01-04T10:46:54.598-0500 I QUERY    [conn4] command test.$cmd command: update { $msg: "query not recording (too large)" } keyUpdates:0  reslen:95 104ms
2015-01-04T10:46:54.709-0500 I QUERY    [conn4] command test.$cmd command: update { $msg: "query not recording (too large)" } keyUpdates:0  reslen:95 104ms
2015-01-04T10:46:54.821-0500 I QUERY    [conn4] command test.$cmd command: update { $msg: "query not recording (too large)" } keyUpdates:0  reslen:95 105ms
2015-01-04T10:46:54.970-0500 I QUERY    [conn4] command test.$cmd command: update { $msg: "query not recording (too large)" } keyUpdates:0  reslen:95 143ms
2015-01-04T10:46:55.081-0500 I QUERY    [conn4] command test.$cmd command: update { $msg: "query not recording (too large)" } keyUpdates:0  reslen:95 104ms
2015-01-04T10:46:55.193-0500 I QUERY    [conn4] command test.$cmd command: update { $msg: "query not recording (too large)" } keyUpdates:0  reslen:95 105ms
2015-01-04T10:46:55.306-0500 I QUERY    [conn4] command test.$cmd command: update { $msg: "query not recording (too large)" } keyUpdates:0  reslen:95 104ms
2015-01-04T10:46:55.419-0500 I QUERY    [conn4] command test.$cmd command: update { $msg: "query not recording (too large)" } keyUpdates:0  reslen:95 105ms
2015-01-04T10:46:55.531-0500 I QUERY    [conn4] command test.$cmd command: update { $msg: "query not recording (too large)" } keyUpdates:0  reslen:95 105ms
2015-01-04T10:46:55.715-0500 I QUERY    [conn4] command test.$cmd command: update { $msg: "query not recording (too large)" } keyUpdates:0  reslen:95 105ms
2015-01-04T10:46:55.827-0500 I QUERY    [conn4] command test.$cmd command: update { $msg: "query not recording (too large)" } keyUpdates:0  reslen:95 107ms
2015-01-04T10:46:55.939-0500 I QUERY    [conn4] command test.$cmd command: update { $msg: "query not recording (too large)" } keyUpdates:0  reslen:95 105ms
2015-01-04T10:46:56.051-0500 I QUERY    [conn4] command test.$cmd command: update { $msg: "query not recording (too large)" } keyUpdates:0  reslen:95 106ms
2015-01-04T10:46:56.167-0500 I QUERY    [conn4] command test.$cmd command: update { $msg: "query not recording (too large)" } keyUpdates:0  reslen:95 110ms
2015-01-04T10:46:56.281-0500 I QUERY    [conn4] command test.$cmd command: update { $msg: "query not recording (too large)" } keyUpdates:0  reslen:95 108ms
2015-01-04T10:46:56.395-0500 I QUERY    [conn4] command test.$cmd command: update { $msg: "query not recording (too large)" } keyUpdates:0  reslen:95 107ms
2015-01-04T10:46:56.506-0500 I QUERY    [conn4] command test.$cmd command: update { $msg: "query not recording (too large)" } keyUpdates:0  reslen:95 106ms
2015-01-04T10:46:56.618-0500 I QUERY    [conn4] command test.$cmd command: update { $msg: "query not recording (too large)" } keyUpdates:0  reslen:95 105ms
2015-01-04T10:46:56.734-0500 I QUERY    [conn4] command test.$cmd command: update { $msg: "query not recording (too large)" } keyUpdates:0  reslen:95 108ms
2015-01-04T10:46:56.962-0500 I QUERY    [conn4] command test.$cmd command: update { $msg: "query not recording (too large)" } keyUpdates:0  reslen:95 146ms
2015-01-04T10:46:57.076-0500 I QUERY    [conn4] command test.$cmd command: update { $msg: "query not recording (too large)" } keyUpdates:0  reslen:95 107ms
2015-01-04T10:46:57.189-0500 I QUERY    [conn4] command test.$cmd command: update { $msg: "query not recording (too large)" } keyUpdates:0  reslen:95 107ms
2015-01-04T10:46:57.304-0500 I QUERY    [conn4] command test.$cmd command: update { $msg: "query not recording (too large)" } keyUpdates:0  reslen:95 107ms
2015-01-04T10:46:57.421-0500 I QUERY    [conn4] command test.$cmd command: update { $msg: "query not recording (too large)" } keyUpdates:0  reslen:95 111ms
2015-01-04T10:46:57.536-0500 I QUERY    [conn4] command test.$cmd command: update { $msg: "query not recording (too large)" } keyUpdates:0  reslen:95 109ms
2015-01-04T10:46:57.651-0500 I QUERY    [conn4] command test.$cmd command: update { $msg: "query not recording (too large)" } keyUpdates:0  reslen:95 108ms
2015-01-04T10:46:57.767-0500 I QUERY    [conn4] command test.$cmd command: update { $msg: "query not recording (too large)" } keyUpdates:0  reslen:95 107ms
2015-01-04T10:46:57.884-0500 I QUERY    [conn4] command test.$cmd command: update { $msg: "query not recording (too large)" } keyUpdates:0  reslen:95 107ms
2015-01-04T10:46:57.999-0500 I QUERY    [conn4] command test.$cmd command: update { $msg: "query not recording (too large)" } keyUpdates:0  reslen:95 108ms
2015-01-04T10:46:58.186-0500 I QUERY    [conn4] command test.$cmd command: update { $msg: "query not recording (too large)" } keyUpdates:0  reslen:95 107ms
2015-01-04T10:46:58.298-0500 I QUERY    [conn4] command test.$cmd command: update { $msg: "query not recording (too large)" } keyUpdates:0  reslen:95 107ms
2015-01-04T10:46:58.413-0500 I QUERY    [conn4] command test.$cmd command: update { $msg: "query not recording (too large)" } keyUpdates:0  reslen:95 108ms
2015-01-04T10:46:58.529-0500 I QUERY    [conn4] command test.$cmd command: update { $msg: "query not recording (too large)" } keyUpdates:0  reslen:95 108ms
2015-01-04T10:46:58.648-0500 I QUERY    [conn4] command test.$cmd command: update { $msg: "query not recording (too large)" } keyUpdates:0  reslen:95 113ms
2015-01-04T10:46:58.766-0500 I QUERY    [conn4] command test.$cmd command: update { $msg: "query not recording (too large)" } keyUpdates:0  reslen:95 111ms
2015-01-04T10:46:58.880-0500 I QUERY    [conn4] command test.$cmd command: update { $msg: "query not recording (too large)" } keyUpdates:0  reslen:95 108ms
2015-01-04T10:46:59.034-0500 I QUERY    [conn4] command test.$cmd command: update { $msg: "query not recording (too large)" } keyUpdates:0  reslen:95 147ms
2015-01-04T10:46:59.147-0500 I QUERY    [conn4] command test.$cmd command: update { $msg: "query not recording (too large)" } keyUpdates:0  reslen:95 107ms
2015-01-04T10:46:59.261-0500 I QUERY    [conn4] command test.$cmd command: update { $msg: "query not recording (too large)" } keyUpdates:0  reslen:95 108ms
2015-01-04T10:46:59.455-0500 I QUERY    [conn4] command test.$cmd command: update { $msg: "query not recording (too large)" } keyUpdates:0  reslen:95 108ms
2015-01-04T10:46:59.569-0500 I QUERY    [conn4] command test.$cmd command: update { $msg: "query not recording (too large)" } keyUpdates:0  reslen:95 108ms
2015-01-04T10:46:59.683-0500 I QUERY    [conn4] command test.$cmd command: update { $msg: "query not recording (too large)" } keyUpdates:0  reslen:95 108ms
2015-01-04T10:46:59.797-0500 I QUERY    [conn4] command test.$cmd command: update { $msg: "query not recording (too large)" } keyUpdates:0  reslen:95 108ms
2015-01-04T10:46:59.915-0500 I QUERY    [conn4] command test.$cmd command: update { $msg: "query not recording (too large)" } keyUpdates:0  reslen:95 110ms
2015-01-04T10:47:00.033-0500 I QUERY    [conn4] command test.$cmd command: update { $msg: "query not recording (too large)" } keyUpdates:0  reslen:95 110ms
2015-01-04T10:47:00.149-0500 I QUERY    [conn4] command test.$cmd command: update { $msg: "query not recording (too large)" } keyUpdates:0  reslen:95 109ms
2015-01-04T10:47:00.268-0500 I QUERY    [conn4] command test.$cmd command: update { $msg: "query not recording (too large)" } keyUpdates:0  reslen:95 110ms
2015-01-04T10:47:00.383-0500 I QUERY    [conn4] command test.$cmd command: update { $msg: "query not recording (too large)" } keyUpdates:0  reslen:95 109ms
2015-01-04T10:47:00.499-0500 I QUERY    [conn4] command test.$cmd command: update { $msg: "query not recording (too large)" } keyUpdates:0  reslen:95 110ms
2015-01-04T10:47:00.689-0500 I QUERY    [conn4] command test.$cmd command: update { $msg: "query not recording (too large)" } keyUpdates:0  reslen:95 110ms
2015-01-04T10:47:00.805-0500 I QUERY    [conn4] command test.$cmd command: update { $msg: "query not recording (too large)" } keyUpdates:0  reslen:95 110ms
2015-01-04T10:47:00.921-0500 I QUERY    [conn4] command test.$cmd command: update { $msg: "query not recording (too large)" } keyUpdates:0  reslen:95 110ms
2015-01-04T10:47:01.082-0500 I QUERY    [conn4] command test.$cmd command: update { $msg: "query not recording (too large)" } keyUpdates:0  reslen:95 152ms
2015-01-04T10:47:01.199-0500 I QUERY    [conn4] command test.$cmd command: update { $msg: "query not recording (too large)" } keyUpdates:0  reslen:95 111ms
2015-01-04T10:47:01.318-0500 I QUERY    [conn4] command test.$cmd command: update { $msg: "query not recording (too large)" } keyUpdates:0  reslen:95 110ms
2015-01-04T10:47:01.435-0500 I QUERY    [conn4] command test.$cmd command: update { $msg: "query not recording (too large)" } keyUpdates:0  reslen:95 111ms
2015-01-04T10:47:01.555-0500 I QUERY    [conn4] command test.$cmd command: update { $msg: "query not recording (too large)" } keyUpdates:0  reslen:95 112ms
2015-01-04T10:47:01.673-0500 I QUERY    [conn4] command test.$cmd command: update { $msg: "query not recording (too large)" } keyUpdates:0  reslen:95 109ms
2015-01-04T10:47:01.789-0500 I QUERY    [conn4] command test.$cmd command: update { $msg: "query not recording (too large)" } keyUpdates:0  reslen:95 109ms
2015-01-04T10:47:01.991-0500 I QUERY    [conn4] command test.$cmd command: update { $msg: "query not recording (too large)" } keyUpdates:0  reslen:95 110ms
2015-01-04T10:47:02.112-0500 I QUERY    [conn4] command test.$cmd command: update { $msg: "query not recording (too large)" } keyUpdates:0  reslen:95 112ms
2015-01-04T10:47:02.228-0500 I QUERY    [conn4] command test.$cmd command: update { $msg: "query not recording (too large)" } keyUpdates:0  reslen:95 110ms
2015-01-04T10:47:02.345-0500 I QUERY    [conn4] command test.$cmd command: update { $msg: "query not recording (too large)" } keyUpdates:0  reslen:95 110ms
2015-01-04T10:47:02.462-0500 I QUERY    [conn4] command test.$cmd command: update { $msg: "query not recording (too large)" } keyUpdates:0  reslen:95 110ms
2015-01-04T10:47:02.579-0500 I QUERY    [conn4] command test.$cmd command: update { $msg: "query not recording (too large)" } keyUpdates:0  reslen:95 110ms
2015-01-04T10:47:02.697-0500 I QUERY    [conn4] command test.$cmd command: update { $msg: "query not recording (too large)" } keyUpdates:0  reslen:95 110ms
2015-01-04T10:47:02.817-0500 I QUERY    [conn4] command test.$cmd command: update { $msg: "query not recording (too large)" } keyUpdates:0  reslen:95 111ms
2015-01-04T10:47:02.935-0500 I QUERY    [conn4] command test.$cmd command: update { $msg: "query not recording (too large)" } keyUpdates:0  reslen:95 111ms
2015-01-04T10:47:03.089-0500 I QUERY    [conn4] command test.$cmd command: update { $msg: "query not recording (too large)" } keyUpdates:0  reslen:95 148ms
2015-01-04T10:47:03.285-0500 I QUERY    [conn4] command test.$cmd command: update { $msg: "query not recording (too large)" } keyUpdates:0  reslen:95 112ms
2015-01-04T10:47:03.406-0500 I QUERY    [conn4] command test.$cmd command: update { $msg: "query not recording (too large)" } keyUpdates:0  reslen:95 113ms
2015-01-04T10:47:03.527-0500 I QUERY    [conn4] command test.$cmd command: update { $msg: "query not recording (too large)" } keyUpdates:0  reslen:95 112ms
2015-01-04T10:47:03.647-0500 I QUERY    [conn4] command test.$cmd command: update { $msg: "query not recording (too large)" } keyUpdates:0  reslen:95 112ms
2015-01-04T10:47:03.766-0500 I QUERY    [conn4] command test.$cmd command: update { $msg: "query not recording (too large)" } keyUpdates:0  reslen:95 113ms
2015-01-04T10:47:03.885-0500 I QUERY    [conn4] command test.$cmd command: update { $msg: "query not recording (too large)" } keyUpdates:0  reslen:95 113ms
2015-01-04T10:47:04.005-0500 I QUERY    [conn4] command test.$cmd command: update { $msg: "query not recording (too large)" } keyUpdates:0  reslen:95 114ms
2015-01-04T10:47:04.127-0500 I QUERY    [conn4] command test.$cmd command: update { $msg: "query not recording (too large)" } keyUpdates:0  reslen:95 114ms
2015-01-04T10:47:04.245-0500 I QUERY    [conn4] command test.$cmd command: update { $msg: "query not recording (too large)" } keyUpdates:0  reslen:95 112ms
2015-01-04T10:47:04.364-0500 I QUERY    [conn4] command test.$cmd command: update { $msg: "query not recording (too large)" } keyUpdates:0  reslen:95 112ms
2015-01-04T10:47:04.555-0500 I QUERY    [conn4] command test.$cmd command: update { $msg: "query not recording (too large)" } keyUpdates:0  reslen:95 113ms
2015-01-04T10:47:04.675-0500 I QUERY    [conn4] command test.$cmd command: update { $msg: "query not recording (too large)" } keyUpdates:0  reslen:95 112ms
2015-01-04T10:47:04.801-0500 I QUERY    [conn4] command test.$cmd command: update { $msg: "query not recording (too large)" } keyUpdates:0  reslen:95 114ms
2015-01-04T10:47:04.928-0500 I QUERY    [conn4] command test.$cmd command: update { $msg: "query not recording (too large)" } keyUpdates:0  reslen:95 121ms
2015-01-04T10:47:05.084-0500 I QUERY    [conn4] command test.$cmd command: update { $msg: "query not recording (too large)" } keyUpdates:0  reslen:95 150ms
2015-01-04T10:47:05.206-0500 I QUERY    [conn4] command test.$cmd command: update { $msg: "query not recording (too large)" } keyUpdates:0  reslen:95 115ms
2015-01-04T10:47:05.325-0500 I QUERY    [conn4] command test.$cmd command: update { $msg: "query not recording (too large)" } keyUpdates:0  reslen:95 113ms
2015-01-04T10:47:05.474-0500 I QUERY    [conn4] command test.$cmd command: update { $msg: "query not recording (too large)" } keyUpdates:0  reslen:95 142ms
2015-01-04T10:47:05.594-0500 I QUERY    [conn4] command test.$cmd command: update { $msg: "query not recording (too large)" } keyUpdates:0  reslen:95 114ms
2015-01-04T10:47:05.715-0500 I QUERY    [conn4] command test.$cmd command: update { $msg: "query not recording (too large)" } keyUpdates:0  reslen:95 116ms
2015-01-04T10:47:05.911-0500 I QUERY    [conn4] command test.$cmd command: update { $msg: "query not recording (too large)" } keyUpdates:0  reslen:95 116ms
2015-01-04T10:47:06.032-0500 I QUERY    [conn4] command test.$cmd command: update { $msg: "query not recording (too large)" } keyUpdates:0  reslen:95 114ms
2015-01-04T10:47:06.153-0500 I QUERY    [conn4] command test.$cmd command: update { $msg: "query not recording (too large)" } keyUpdates:0  reslen:95 115ms
2015-01-04T10:47:06.274-0500 I QUERY    [conn4] command test.$cmd command: update { $msg: "query not recording (too large)" } keyUpdates:0  reslen:95 115ms
2015-01-04T10:47:06.399-0500 I QUERY    [conn4] command test.$cmd command: update { $msg: "query not recording (too large)" } keyUpdates:0  reslen:95 116ms
2015-01-04T10:47:06.519-0500 I QUERY    [conn4] command test.$cmd command: update { $msg: "query not recording (too large)" } keyUpdates:0  reslen:95 113ms
2015-01-04T10:47:06.640-0500 I QUERY    [conn4] command test.$cmd command: update { $msg: "query not recording (too large)" } keyUpdates:0  reslen:95 115ms
2015-01-04T10:47:06.760-0500 I QUERY    [conn4] command test.$cmd command: update { $msg: "query not recording (too large)" } keyUpdates:0  reslen:95 114ms
2015-01-04T10:47:06.880-0500 I QUERY    [conn4] command test.$cmd command: update { $msg: "query not recording (too large)" } keyUpdates:0  reslen:95 113ms
2015-01-04T10:47:07.002-0500 I QUERY    [conn4] command test.$cmd command: update { $msg: "query not recording (too large)" } keyUpdates:0  reslen:95 116ms
2015-01-04T10:47:07.249-0500 I QUERY    [conn4] command test.$cmd command: update { $msg: "query not recording (too large)" } keyUpdates:0  reslen:95 115ms
2015-01-04T10:47:07.369-0500 I QUERY    [conn4] command test.$cmd command: update { $msg: "query not recording (too large)" } keyUpdates:0  reslen:95 114ms
2015-01-04T10:47:07.489-0500 I QUERY    [conn4] command test.$cmd command: update { $msg: "query not recording (too large)" } keyUpdates:0  reslen:95 113ms
2015-01-04T10:47:07.609-0500 I QUERY    [conn4] command test.$cmd command: update { $msg: "query not recording (too large)" } keyUpdates:0  reslen:95 115ms
2015-01-04T10:47:07.733-0500 I QUERY    [conn4] command test.$cmd command: update { $msg: "query not recording (too large)" } keyUpdates:0  reslen:95 115ms
2015-01-04T10:47:07.855-0500 I QUERY    [conn4] command test.$cmd command: update { $msg: "query not recording (too large)" } keyUpdates:0  reslen:95 116ms
2015-01-04T10:47:07.983-0500 I QUERY    [conn4] command test.$cmd command: update { $msg: "query not recording (too large)" } keyUpdates:0  reslen:95 119ms
2015-01-04T10:47:08.104-0500 I QUERY    [conn4] command test.$cmd command: update { $msg: "query not recording (too large)" } keyUpdates:0  reslen:95 115ms
2015-01-04T10:47:08.227-0500 I QUERY    [conn4] command test.$cmd command: update { $msg: "query not recording (too large)" } keyUpdates:0  reslen:95 116ms
2015-01-04T10:47:08.352-0500 I QUERY    [conn4] command test.$cmd command: update { $msg: "query not recording (too large)" } keyUpdates:0  reslen:95 119ms
2015-01-04T10:47:08.547-0500 I QUERY    [conn4] command test.$cmd command: update { $msg: "query not recording (too large)" } keyUpdates:0  reslen:95 116ms
2015-01-04T10:47:08.673-0500 I QUERY    [conn4] command test.$cmd command: update { $msg: "query not recording (too large)" } keyUpdates:0  reslen:95 119ms
2015-01-04T10:47:08.794-0500 I QUERY    [conn4] command test.$cmd command: update { $msg: "query not recording (too large)" } keyUpdates:0  reslen:95 115ms
2015-01-04T10:47:08.916-0500 I QUERY    [conn4] command test.$cmd command: update { $msg: "query not recording (too large)" } keyUpdates:0  reslen:95 115ms
2015-01-04T10:47:09.038-0500 I QUERY    [conn4] command test.$cmd command: update { $msg: "query not recording (too large)" } keyUpdates:0  reslen:95 116ms
2015-01-04T10:47:09.197-0500 I QUERY    [conn4] command test.$cmd command: update { $msg: "query not recording (too large)" } keyUpdates:0  reslen:95 152ms
2015-01-04T10:47:09.318-0500 I QUERY    [conn4] command test.$cmd command: update { $msg: "query not recording (too large)" } keyUpdates:0  reslen:95 115ms
2015-01-04T10:47:09.442-0500 I QUERY    [conn4] command test.$cmd command: update { $msg: "query not recording (too large)" } keyUpdates:0  reslen:95 117ms
2015-01-04T10:47:09.563-0500 I QUERY    [conn4] command test.$cmd command: update { $msg: "query not recording (too large)" } keyUpdates:0  reslen:95 115ms
2015-01-04T10:47:09.686-0500 I QUERY    [conn4] command test.$cmd command: update { $msg: "query not recording (too large)" } keyUpdates:0  reslen:95 117ms
2015-01-04T10:47:09.894-0500 I QUERY    [conn4] command test.$cmd command: update { $msg: "query not recording (too large)" } keyUpdates:0  reslen:95 117ms
2015-01-04T10:47:10.016-0500 I QUERY    [conn4] command test.$cmd command: update { $msg: "query not recording (too large)" } keyUpdates:0  reslen:95 116ms
2015-01-04T10:47:10.138-0500 I QUERY    [conn4] command test.$cmd command: update { $msg: "query not recording (too large)" } keyUpdates:0  reslen:95 115ms
2015-01-04T10:47:10.261-0500 I QUERY    [conn4] command test.$cmd command: update { $msg: "query not recording (too large)" } keyUpdates:0  reslen:95 117ms
2015-01-04T10:47:10.388-0500 I QUERY    [conn4] command test.$cmd command: update { $msg: "query not recording (too large)" } keyUpdates:0  reslen:95 121ms
2015-01-04T10:47:10.510-0500 I QUERY    [conn4] command test.$cmd command: update { $msg: "query not recording (too large)" } keyUpdates:0  reslen:95 116ms
2015-01-04T10:47:10.633-0500 I QUERY    [conn4] command test.$cmd command: update { $msg: "query not recording (too large)" } keyUpdates:0  reslen:95 118ms
2015-01-04T10:47:10.756-0500 I QUERY    [conn4] command test.$cmd command: update { $msg: "query not recording (too large)" } keyUpdates:0  reslen:95 117ms
2015-01-04T10:47:10.879-0500 I QUERY    [conn4] command test.$cmd command: update { $msg: "query not recording (too large)" } keyUpdates:0  reslen:95 116ms
2015-01-04T10:47:11.004-0500 I QUERY    [conn4] command test.$cmd command: update { $msg: "query not recording (too large)" } keyUpdates:0  reslen:95 119ms
2015-01-04T10:47:11.242-0500 I QUERY    [conn4] command test.$cmd command: update { $msg: "query not recording (too large)" } keyUpdates:0  reslen:95 158ms
2015-01-04T10:47:11.366-0500 I QUERY    [conn4] command test.$cmd command: update { $msg: "query not recording (too large)" } keyUpdates:0  reslen:95 117ms
2015-01-04T10:47:11.488-0500 I QUERY    [conn4] command test.$cmd command: update { $msg: "query not recording (too large)" } keyUpdates:0  reslen:95 116ms
2015-01-04T10:47:11.613-0500 I QUERY    [conn4] command test.$cmd command: update { $msg: "query not recording (too large)" } keyUpdates:0  reslen:95 119ms
2015-01-04T10:47:11.736-0500 I QUERY    [conn4] command test.$cmd command: update { $msg: "query not recording (too large)" } keyUpdates:0  reslen:95 116ms
2015-01-04T10:47:11.861-0500 I QUERY    [conn4] command test.$cmd command: update { $msg: "query not recording (too large)" } keyUpdates:0  reslen:95 117ms
2015-01-04T10:47:11.986-0500 I QUERY    [conn4] command test.$cmd command: update { $msg: "query not recording (too large)" } keyUpdates:0  reslen:95 119ms
2015-01-04T10:47:12.109-0500 I QUERY    [conn4] command test.$cmd command: update { $msg: "query not recording (too large)" } keyUpdates:0  reslen:95 118ms
2015-01-04T10:47:12.234-0500 I QUERY    [conn4] command test.$cmd command: update { $msg: "query not recording (too large)" } keyUpdates:0  reslen:95 119ms
2015-01-04T10:47:12.359-0500 I QUERY    [conn4] command test.$cmd command: update { $msg: "query not recording (too large)" } keyUpdates:0  reslen:95 119ms
2015-01-04T10:47:12.559-0500 I QUERY    [conn4] command test.$cmd command: update { $msg: "query not recording (too large)" } keyUpdates:0  reslen:95 117ms
2015-01-04T10:47:12.689-0500 I QUERY    [conn4] command test.$cmd command: update { $msg: "query not recording (too large)" } keyUpdates:0  reslen:95 121ms
2015-01-04T10:47:12.816-0500 I QUERY    [conn4] command test.$cmd command: update { $msg: "query not recording (too large)" } keyUpdates:0  reslen:95 119ms
2015-01-04T10:47:12.942-0500 I QUERY    [conn4] command test.$cmd command: update { $msg: "query not recording (too large)" } keyUpdates:0  reslen:95 117ms
2015-01-04T10:47:13.066-0500 I QUERY    [conn4] command test.$cmd command: update { $msg: "query not recording (too large)" } keyUpdates:0  reslen:95 118ms
2015-01-04T10:47:13.193-0500 I QUERY    [conn4] command test.$cmd command: update { $msg: "query not recording (too large)" } keyUpdates:0  reslen:95 118ms
2015-01-04T10:47:13.357-0500 I QUERY    [conn4] command test.$cmd command: update { $msg: "query not recording (too large)" } keyUpdates:0  reslen:95 157ms
2015-01-04T10:47:13.482-0500 I QUERY    [conn4] command test.$cmd command: update { $msg: "query not recording (too large)" } keyUpdates:0  reslen:95 118ms
2015-01-04T10:47:13.607-0500 I QUERY    [conn4] command test.$cmd command: update { $msg: "query not recording (too large)" } keyUpdates:0  reslen:95 119ms
2015-01-04T10:47:13.735-0500 I QUERY    [conn4] command test.$cmd command: update { $msg: "query not recording (too large)" } keyUpdates:0  reslen:95 122ms
2015-01-04T10:47:13.946-0500 I QUERY    [conn4] command test.$cmd command: update { $msg: "query not recording (too large)" } keyUpdates:0  reslen:95 120ms
2015-01-04T10:47:14.079-0500 I QUERY    [conn4] command test.$cmd command: update { $msg: "query not recording (too large)" } keyUpdates:0  reslen:95 126ms
2015-01-04T10:47:14.203-0500 I QUERY    [conn4] command test.$cmd command: update { $msg: "query not recording (too large)" } keyUpdates:0  reslen:95 118ms
2015-01-04T10:47:14.329-0500 I QUERY    [conn4] command test.$cmd command: update { $msg: "query not recording (too large)" } keyUpdates:0  reslen:95 120ms
2015-01-04T10:47:14.458-0500 I QUERY    [conn4] command test.$cmd command: update { $msg: "query not recording (too large)" } keyUpdates:0  reslen:95 122ms
2015-01-04T10:47:14.587-0500 I QUERY    [conn4] command test.$cmd command: update { $msg: "query not recording (too large)" } keyUpdates:0  reslen:95 122ms
2015-01-04T10:47:14.713-0500 I QUERY    [conn4] command test.$cmd command: update { $msg: "query not recording (too large)" } keyUpdates:0  reslen:95 120ms
2015-01-04T10:47:14.838-0500 I QUERY    [conn4] command test.$cmd command: update { $msg: "query not recording (too large)" } keyUpdates:0  reslen:95 119ms
2015-01-04T10:47:14.964-0500 I QUERY    [conn4] command test.$cmd command: update { $msg: "query not recording (too large)" } keyUpdates:0  reslen:95 119ms
2015-01-04T10:47:15.089-0500 I QUERY    [conn4] command test.$cmd command: update { $msg: "query not recording (too large)" } keyUpdates:0  reslen:95 119ms
2015-01-04T10:47:15.343-0500 I QUERY    [conn4] command test.$cmd command: update { $msg: "query not recording (too large)" } keyUpdates:0  reslen:95 169ms
2015-01-04T10:47:15.472-0500 I QUERY    [conn4] command test.$cmd command: update { $msg: "query not recording (too large)" } keyUpdates:0  reslen:95 123ms
2015-01-04T10:47:15.598-0500 I QUERY    [conn4] command test.$cmd command: update { $msg: "query not recording (too large)" } keyUpdates:0  reslen:95 120ms
2015-01-04T10:47:15.724-0500 I QUERY    [conn4] command test.$cmd command: update { $msg: "query not recording (too large)" } keyUpdates:0  reslen:95 120ms
2015-01-04T10:47:15.852-0500 I QUERY    [conn4] command test.$cmd command: update { $msg: "query not recording (too large)" } keyUpdates:0  reslen:95 121ms
2015-01-04T10:47:15.977-0500 I QUERY    [conn4] command test.$cmd command: update { $msg: "query not recording (too large)" } keyUpdates:0  reslen:95 119ms
2015-01-04T10:47:16.105-0500 I QUERY    [conn4] command test.$cmd command: update { $msg: "query not recording (too large)" } keyUpdates:0  reslen:95 122ms
2015-01-04T10:47:16.231-0500 I QUERY    [conn4] command test.$cmd command: update { $msg: "query not recording (too large)" } keyUpdates:0  reslen:95 120ms
2015-01-04T10:47:16.363-0500 I QUERY    [conn4] command test.$cmd command: update { $msg: "query not recording (too large)" } keyUpdates:0  reslen:95 123ms
2015-01-04T10:47:16.491-0500 I QUERY    [conn4] command test.$cmd command: update { $msg: "query not recording (too large)" } keyUpdates:0  reslen:95 121ms
2015-01-04T10:47:16.695-0500 I QUERY    [conn4] command test.$cmd command: update { $msg: "query not recording (too large)" } keyUpdates:0  reslen:95 124ms
2015-01-04T10:47:16.822-0500 I QUERY    [conn4] command test.$cmd command: update { $msg: "query not recording (too large)" } keyUpdates:0  reslen:95 120ms
2015-01-04T10:47:16.952-0500 I QUERY    [conn4] command test.$cmd command: update { $msg: "query not recording (too large)" } keyUpdates:0  reslen:95 121ms
2015-01-04T10:47:17.080-0500 I QUERY    [conn4] command test.$cmd command: update { $msg: "query not recording (too large)" } keyUpdates:0  reslen:95 121ms
2015-01-04T10:47:17.210-0500 I QUERY    [conn4] command test.$cmd command: update { $msg: "query not recording (too large)" } keyUpdates:0  reslen:95 124ms
2015-01-04T10:47:17.375-0500 I QUERY    [conn4] command test.$cmd command: update { $msg: "query not recording (too large)" } keyUpdates:0  reslen:95 159ms
2015-01-04T10:47:17.504-0500 I QUERY    [conn4] command test.$cmd command: update { $msg: "query not recording (too large)" } keyUpdates:0  reslen:95 122ms
2015-01-04T10:47:17.632-0500 I QUERY    [conn4] command test.$cmd command: update { $msg: "query not recording (too large)" } keyUpdates:0  reslen:95 122ms
2015-01-04T10:47:17.765-0500 I QUERY    [conn4] command test.$cmd command: update { $msg: "query not recording (too large)" } keyUpdates:0  reslen:95 125ms
2015-01-04T10:47:17.897-0500 I QUERY    [conn4] command test.$cmd command: update { $msg: "query not recording (too large)" } keyUpdates:0  reslen:95 121ms
2015-01-04T10:47:18.099-0500 I QUERY    [conn4] command test.$cmd command: update { $msg: "query not recording (too large)" } keyUpdates:0  reslen:95 122ms
2015-01-04T10:47:18.229-0500 I QUERY    [conn4] command test.$cmd command: update { $msg: "query not recording (too large)" } keyUpdates:0  reslen:95 122ms
2015-01-04T10:47:18.358-0500 I QUERY    [conn4] command test.$cmd command: update { $msg: "query not recording (too large)" } keyUpdates:0  reslen:95 123ms
2015-01-04T10:47:18.489-0500 I QUERY    [conn4] command test.$cmd command: update { $msg: "query not recording (too large)" } keyUpdates:0  reslen:95 124ms
2015-01-04T10:47:18.621-0500 I QUERY    [conn4] command test.$cmd command: update { $msg: "query not recording (too large)" } keyUpdates:0  reslen:95 124ms
2015-01-04T10:47:18.751-0500 I QUERY    [conn4] command test.$cmd command: update { $msg: "query not recording (too large)" } keyUpdates:0  reslen:95 124ms
2015-01-04T10:47:18.879-0500 I QUERY    [conn4] command test.$cmd command: update { $msg: "query not recording (too large)" } keyUpdates:0  reslen:95 121ms
2015-01-04T10:47:19.027-0500 I QUERY    [conn4] command test.$cmd command: update { $msg: "query not recording (too large)" } keyUpdates:0  reslen:95 142ms
2015-01-04T10:47:19.160-0500 I QUERY    [conn4] command test.$cmd command: update { $msg: "query not recording (too large)" } keyUpdates:0  reslen:95 127ms
2015-01-04T10:47:19.331-0500 I QUERY    [conn4] command test.$cmd command: update { $msg: "query not recording (too large)" } keyUpdates:0  reslen:95 164ms
2015-01-04T10:47:19.551-0500 I QUERY    [conn4] command test.$cmd command: update { $msg: "query not recording (too large)" } keyUpdates:0  reslen:95 124ms
2015-01-04T10:47:19.681-0500 I QUERY    [conn4] command test.$cmd command: update { $msg: "query not recording (too large)" } keyUpdates:0  reslen:95 124ms
2015-01-04T10:47:19.822-0500 I QUERY    [conn4] command test.$cmd command: update { $msg: "query not recording (too large)" } keyUpdates:0  reslen:95 129ms
2015-01-04T10:47:19.958-0500 I QUERY    [conn4] command test.$cmd command: update { $msg: "query not recording (too large)" } keyUpdates:0  reslen:95 129ms
2015-01-04T10:47:20.092-0500 I QUERY    [conn4] command test.$cmd command: update { $msg: "query not recording (too large)" } keyUpdates:0  reslen:95 127ms
2015-01-04T10:47:20.229-0500 I QUERY    [conn4] command test.$cmd command: update { $msg: "query not recording (too large)" } keyUpdates:0  reslen:95 130ms
2015-01-04T10:47:20.367-0500 I QUERY    [conn4] command test.$cmd command: update { $msg: "query not recording (too large)" } keyUpdates:0  reslen:95 131ms
2015-01-04T10:47:20.501-0500 I QUERY    [conn4] command test.$cmd command: update { $msg: "query not recording (too large)" } keyUpdates:0  reslen:95 127ms
2015-01-04T10:47:20.634-0500 I QUERY    [conn4] command test.$cmd command: update { $msg: "query not recording (too large)" } keyUpdates:0  reslen:95 126ms
2015-01-04T10:47:20.766-0500 I QUERY    [conn4] command test.$cmd command: update { $msg: "query not recording (too large)" } keyUpdates:0  reslen:95 125ms
2015-01-04T10:47:20.976-0500 I QUERY    [conn4] command test.$cmd command: update { $msg: "query not recording (too large)" } keyUpdates:0  reslen:95 125ms
2015-01-04T10:47:21.108-0500 I QUERY    [conn4] command test.$cmd command: update { $msg: "query not recording (too large)" } keyUpdates:0  reslen:95 126ms
2015-01-04T10:47:21.242-0500 I QUERY    [conn4] command test.$cmd command: update { $msg: "query not recording (too large)" } keyUpdates:0  reslen:95 125ms
2015-01-04T10:47:21.432-0500 I QUERY    [conn4] command test.$cmd command: update { $msg: "query not recording (too large)" } keyUpdates:0  reslen:95 184ms
2015-01-04T10:47:21.563-0500 I QUERY    [conn4] command test.$cmd command: update { $msg: "query not recording (too large)" } keyUpdates:0  reslen:95 125ms
2015-01-04T10:47:21.695-0500 I QUERY    [conn4] command test.$cmd command: update { $msg: "query not recording (too large)" } keyUpdates:0  reslen:95 126ms
2015-01-04T10:47:21.827-0500 I QUERY    [conn4] command test.$cmd command: update { $msg: "query not recording (too large)" } keyUpdates:0  reslen:95 126ms
2015-01-04T10:47:21.957-0500 I QUERY    [conn4] command test.$cmd command: update { $msg: "query not recording (too large)" } keyUpdates:0  reslen:95 124ms
2015-01-04T10:47:22.092-0500 I QUERY    [conn4] command test.$cmd command: update { $msg: "query not recording (too large)" } keyUpdates:0  reslen:95 126ms
2015-01-04T10:47:22.228-0500 I QUERY    [conn4] command test.$cmd command: update { $msg: "query not recording (too large)" } keyUpdates:0  reslen:95 128ms
2015-01-04T10:47:22.440-0500 I QUERY    [conn4] command test.$cmd command: update { $msg: "query not recording (too large)" } keyUpdates:0  reslen:95 129ms
2015-01-04T10:47:22.569-0500 I QUERY    [conn4] command test.$cmd command: update { $msg: "query not recording (too large)" } keyUpdates:0  reslen:95 123ms
2015-01-04T10:47:22.701-0500 I QUERY    [conn4] command test.$cmd command: update { $msg: "query not recording (too large)" } keyUpdates:0  reslen:95 124ms
2015-01-04T10:47:22.831-0500 I QUERY    [conn4] command test.$cmd command: update { $msg: "query not recording (too large)" } keyUpdates:0  reslen:95 123ms
2015-01-04T10:47:22.962-0500 I QUERY    [conn4] command test.$cmd command: update { $msg: "query not recording (too large)" } keyUpdates:0  reslen:95 125ms
2015-01-04T10:47:23.094-0500 I QUERY    [conn4] command test.$cmd command: update { $msg: "query not recording (too large)" } keyUpdates:0  reslen:95 125ms
2015-01-04T10:47:23.226-0500 I QUERY    [conn4] command test.$cmd command: update { $msg: "query not recording (too large)" } keyUpdates:0  reslen:95 126ms
2015-01-04T10:47:23.357-0500 I QUERY    [conn4] command test.$cmd command: update { $msg: "query not recording (too large)" } keyUpdates:0  reslen:95 125ms
2015-01-04T10:47:23.531-0500 I QUERY    [conn4] command test.$cmd command: update { $msg: "query not recording (too large)" } keyUpdates:0  reslen:95 168ms
2015-01-04T10:47:23.665-0500 I QUERY    [conn4] command test.$cmd command: update { $msg: "query not recording (too large)" } keyUpdates:0  reslen:95 126ms
2015-01-04T10:47:23.874-0500 I QUERY    [conn4] command test.$cmd command: update { $msg: "query not recording (too large)" } keyUpdates:0  reslen:95 127ms
2015-01-04T10:47:24.007-0500 I QUERY    [conn4] command test.$cmd command: update { $msg: "query not recording (too large)" } keyUpdates:0  reslen:95 127ms
2015-01-04T10:47:24.140-0500 I QUERY    [conn4] command test.$cmd command: update { $msg: "query not recording (too large)" } keyUpdates:0  reslen:95 126ms
2015-01-04T10:47:24.272-0500 I QUERY    [conn4] command test.$cmd command: update { $msg: "query not recording (too large)" } keyUpdates:0  reslen:95 126ms
2015-01-04T10:47:24.406-0500 I QUERY    [conn4] command test.$cmd command: update { $msg: "query not recording (too large)" } keyUpdates:0  reslen:95 128ms
2015-01-04T10:47:24.541-0500 I QUERY    [conn4] command test.$cmd command: update { $msg: "query not recording (too large)" } keyUpdates:0  reslen:95 126ms
2015-01-04T10:47:24.674-0500 I QUERY    [conn4] command test.$cmd command: update { $msg: "query not recording (too large)" } keyUpdates:0  reslen:95 127ms
2015-01-04T10:47:24.810-0500 I QUERY    [conn4] command test.$cmd command: update { $msg: "query not recording (too large)" } keyUpdates:0  reslen:95 130ms
2015-01-04T10:47:24.946-0500 I QUERY    [conn4] command test.$cmd command: update { $msg: "query not recording (too large)" } keyUpdates:0  reslen:95 127ms
2015-01-04T10:47:25.081-0500 I QUERY    [conn4] command test.$cmd command: update { $msg: "query not recording (too large)" } keyUpdates:0  reslen:95 127ms
2015-01-04T10:47:25.285-0500 I QUERY    [conn4] command test.$cmd command: update { $msg: "query not recording (too large)" } keyUpdates:0  reslen:95 125ms
2015-01-04T10:47:25.418-0500 I QUERY    [conn4] command test.$cmd command: update { $msg: "query not recording (too large)" } keyUpdates:0  reslen:95 127ms
2015-01-04T10:47:25.590-0500 I QUERY    [conn4] command test.$cmd command: update { $msg: "query not recording (too large)" } keyUpdates:0  reslen:95 165ms
2015-01-04T10:47:25.722-0500 I QUERY    [conn4] command test.$cmd command: update { $msg: "query not recording (too large)" } keyUpdates:0  reslen:95 126ms
2015-01-04T10:47:25.855-0500 I QUERY    [conn4] command test.$cmd command: update { $msg: "query not recording (too large)" } keyUpdates:0  reslen:95 126ms
2015-01-04T10:47:25.997-0500 I QUERY    [conn4] command test.$cmd command: update { $msg: "query not recording (too large)" } keyUpdates:0  reslen:95 129ms
2015-01-04T10:47:26.141-0500 I QUERY    [conn4] command test.$cmd command: update { $msg: "query not recording (too large)" } keyUpdates:0  reslen:95 138ms
2015-01-04T10:47:26.275-0500 I QUERY    [conn4] command test.$cmd command: update { $msg: "query not recording (too large)" } keyUpdates:0  reslen:95 127ms
2015-01-04T10:47:26.408-0500 I QUERY    [conn4] command test.$cmd command: update { $msg: "query not recording (too large)" } keyUpdates:0  reslen:95 127ms
2015-01-04T10:47:26.544-0500 I QUERY    [conn4] command test.$cmd command: update { $msg: "query not recording (too large)" } keyUpdates:0  reslen:95 127ms
2015-01-04T10:47:26.750-0500 I QUERY    [conn4] command test.$cmd command: update { $msg: "query not recording (too large)" } keyUpdates:0  reslen:95 127ms
2015-01-04T10:47:26.888-0500 I QUERY    [conn4] command test.$cmd command: update { $msg: "query not recording (too large)" } keyUpdates:0  reslen:95 132ms
2015-01-04T10:47:27.026-0500 I QUERY    [conn4] command test.$cmd command: update { $msg: "query not recording (too large)" } keyUpdates:0  reslen:95 131ms
2015-01-04T10:47:27.163-0500 I QUERY    [conn4] command test.$cmd command: update { $msg: "query not recording (too large)" } keyUpdates:0  reslen:95 130ms
2015-01-04T10:47:27.301-0500 I QUERY    [conn4] command test.$cmd command: update { $msg: "query not recording (too large)" } keyUpdates:0  reslen:95 132ms
2015-01-04T10:47:27.438-0500 I QUERY    [conn4] command test.$cmd command: update { $msg: "query not recording (too large)" } keyUpdates:0  reslen:95 130ms
2015-01-04T10:47:27.614-0500 I QUERY    [conn4] command test.$cmd command: update { $msg: "query not recording (too large)" } keyUpdates:0  reslen:95 169ms
2015-01-04T10:47:27.751-0500 I QUERY    [conn4] command test.$cmd command: update { $msg: "query not recording (too large)" } keyUpdates:0  reslen:95 130ms
2015-01-04T10:47:27.890-0500 I QUERY    [conn4] command test.$cmd command: update { $msg: "query not recording (too large)" } keyUpdates:0  reslen:95 132ms
2015-01-04T10:47:28.026-0500 I QUERY    [conn4] command test.$cmd command: update { $msg: "query not recording (too large)" } keyUpdates:0  reslen:95 130ms
2015-01-04T10:47:28.245-0500 I QUERY    [conn4] command test.$cmd command: update { $msg: "query not recording (too large)" } keyUpdates:0  reslen:95 131ms
2015-01-04T10:47:28.384-0500 I QUERY    [conn4] command test.$cmd command: update { $msg: "query not recording (too large)" } keyUpdates:0  reslen:95 132ms
2015-01-04T10:47:28.525-0500 I QUERY    [conn4] command test.$cmd command: update { $msg: "query not recording (too large)" } keyUpdates:0  reslen:95 134ms
2015-01-04T10:47:28.664-0500 I QUERY    [conn4] command test.$cmd command: update { $msg: "query not recording (too large)" } keyUpdates:0  reslen:95 132ms
2015-01-04T10:47:28.802-0500 I QUERY    [conn4] command test.$cmd command: update { $msg: "query not recording (too large)" } keyUpdates:0  reslen:95 131ms
2015-01-04T10:47:28.943-0500 I QUERY    [conn4] command test.$cmd command: update { $msg: "query not recording (too large)" } keyUpdates:0  reslen:95 134ms
2015-01-04T10:47:29.092-0500 I QUERY    [conn4] command test.$cmd command: update { $msg: "query not recording (too large)" } keyUpdates:0  reslen:95 142ms
2015-01-04T10:47:29.236-0500 I QUERY    [conn4] command test.$cmd command: update { $msg: "query not recording (too large)" } keyUpdates:0  reslen:95 133ms
2015-01-04T10:47:29.376-0500 I QUERY    [conn4] command test.$cmd command: update { $msg: "query not recording (too large)" } keyUpdates:0  reslen:95 134ms
2015-01-04T10:47:29.512-0500 I QUERY    [conn4] command test.$cmd command: update { $msg: "query not recording (too large)" } keyUpdates:0  reslen:95 129ms
2015-01-04T10:47:29.726-0500 I QUERY    [conn4] command test.$cmd command: update { $msg: "query not recording (too large)" } keyUpdates:0  reslen:95 134ms
2015-01-04T10:47:29.862-0500 I QUERY    [conn4] command test.$cmd command: update { $msg: "query not recording (too large)" } keyUpdates:0  reslen:95 130ms
2015-01-04T10:47:30.001-0500 I QUERY    [conn4] command test.$cmd command: update { $msg: "query not recording (too large)" } keyUpdates:0  reslen:95 132ms
2015-01-04T10:47:30.136-0500 I QUERY    [conn4] command test.$cmd command: update { $msg: "query not recording (too large)" } keyUpdates:0  reslen:95 129ms
2015-01-04T10:47:30.277-0500 I QUERY    [conn4] command test.$cmd command: update { $msg: "query not recording (too large)" } keyUpdates:0  reslen:95 134ms
2015-01-04T10:47:30.414-0500 I QUERY    [conn4] command test.$cmd command: update { $msg: "query not recording (too large)" } keyUpdates:0  reslen:95 131ms
2015-01-04T10:47:30.558-0500 I QUERY    [conn4] command test.$cmd command: update { $msg: "query not recording (too large)" } keyUpdates:0  reslen:95 138ms
2015-01-04T10:47:30.698-0500 I QUERY    [conn4] command test.$cmd command: update { $msg: "query not recording (too large)" } keyUpdates:0  reslen:95 133ms
2015-01-04T10:47:30.835-0500 I QUERY    [conn4] command test.$cmd command: update { $msg: "query not recording (too large)" } keyUpdates:0  reslen:95 131ms
2015-01-04T10:47:30.976-0500 I QUERY    [conn4] command test.$cmd command: update { $msg: "query not recording (too large)" } keyUpdates:0  reslen:95 134ms
2015-01-04T10:47:31.190-0500 I QUERY    [conn4] command test.$cmd command: update { $msg: "query not recording (too large)" } keyUpdates:0  reslen:95 132ms
2015-01-04T10:47:31.327-0500 I QUERY    [conn4] command test.$cmd command: update { $msg: "query not recording (too large)" } keyUpdates:0  reslen:95 130ms
2015-01-04T10:47:31.466-0500 I QUERY    [conn4] command test.$cmd command: update { $msg: "query not recording (too large)" } keyUpdates:0  reslen:95 133ms
2015-01-04T10:47:31.642-0500 I QUERY    [conn4] command test.$cmd command: update { $msg: "query not recording (too large)" } keyUpdates:0  reslen:95 170ms
2015-01-04T10:47:31.830-0500 I QUERY    [conn4] command test.$cmd command: update { $msg: "query not recording (too large)" } keyUpdates:0  reslen:95 181ms
2015-01-04T10:47:31.966-0500 I QUERY    [conn4] command test.$cmd command: update { $msg: "query not recording (too large)" } keyUpdates:0  reslen:95 130ms
2015-01-04T10:47:32.104-0500 I QUERY    [conn4] command test.$cmd command: update { $msg: "query not recording (too large)" } keyUpdates:0  reslen:95 131ms
2015-01-04T10:47:32.241-0500 I QUERY    [conn4] command test.$cmd command: update { $msg: "query not recording (too large)" } keyUpdates:0  reslen:95 131ms
2015-01-04T10:47:32.386-0500 I QUERY    [conn4] command test.$cmd command: update { $msg: "query not recording (too large)" } keyUpdates:0  reslen:95 133ms
2015-01-04T10:47:32.524-0500 I QUERY    [conn4] command test.$cmd command: update { $msg: "query not recording (too large)" } keyUpdates:0  reslen:95 131ms
2015-01-04T10:47:32.737-0500 I QUERY    [conn4] command test.$cmd command: update { $msg: "query not recording (too large)" } keyUpdates:0  reslen:95 133ms
2015-01-04T10:47:32.875-0500 I QUERY    [conn4] command test.$cmd command: update { $msg: "query not recording (too large)" } keyUpdates:0  reslen:95 131ms
2015-01-04T10:47:33.014-0500 I QUERY    [conn4] command test.$cmd command: update { $msg: "query not recording (too large)" } keyUpdates:0  reslen:95 131ms
2015-01-04T10:47:33.152-0500 I QUERY    [conn4] command test.$cmd command: update { $msg: "query not recording (too large)" } keyUpdates:0  reslen:95 131ms
2015-01-04T10:47:33.291-0500 I QUERY    [conn4] command test.$cmd command: update { $msg: "query not recording (too large)" } keyUpdates:0  reslen:95 131ms
2015-01-04T10:47:33.431-0500 I QUERY    [conn4] command test.$cmd command: update { $msg: "query not recording (too large)" } keyUpdates:0  reslen:95 133ms
2015-01-04T10:47:33.573-0500 I QUERY    [conn4] command test.$cmd command: update { $msg: "query not recording (too large)" } keyUpdates:0  reslen:95 133ms
2015-01-04T10:47:33.748-0500 I QUERY    [conn4] command test.$cmd command: update { $msg: "query not recording (too large)" } keyUpdates:0  reslen:95 169ms
2015-01-04T10:47:33.885-0500 I QUERY    [conn4] command test.$cmd command: update { $msg: "query not recording (too large)" } keyUpdates:0  reslen:95 131ms
2015-01-04T10:47:34.026-0500 I QUERY    [conn4] command test.$cmd command: update { $msg: "query not recording (too large)" } keyUpdates:0  reslen:95 133ms
2015-01-04T10:47:34.244-0500 I QUERY    [conn4] command test.$cmd command: update { $msg: "query not recording (too large)" } keyUpdates:0  reslen:95 133ms
2015-01-04T10:47:34.385-0500 I QUERY    [conn4] command test.$cmd command: update { $msg: "query not recording (too large)" } keyUpdates:0  reslen:95 133ms
2015-01-04T10:47:34.525-0500 I QUERY    [conn4] command test.$cmd command: update { $msg: "query not recording (too large)" } keyUpdates:0  reslen:95 132ms
2015-01-04T10:47:34.665-0500 I QUERY    [conn4] command test.$cmd command: update { $msg: "query not recording (too large)" } keyUpdates:0  reslen:95 133ms
2015-01-04T10:47:34.806-0500 I QUERY    [conn4] command test.$cmd command: update { $msg: "query not recording (too large)" } keyUpdates:0  reslen:95 133ms
2015-01-04T10:47:34.946-0500 I QUERY    [conn4] command test.$cmd command: update { $msg: "query not recording (too large)" } keyUpdates:0  reslen:95 134ms
2015-01-04T10:47:35.086-0500 I QUERY    [conn4] command test.$cmd command: update { $msg: "query not recording (too large)" } keyUpdates:0  reslen:95 134ms
2015-01-04T10:47:35.227-0500 I QUERY    [conn4] command test.$cmd command: update { $msg: "query not recording (too large)" } keyUpdates:0  reslen:95 134ms
2015-01-04T10:47:35.385-0500 I QUERY    [conn4] command test.$cmd command: update { $msg: "query not recording (too large)" } keyUpdates:0  reslen:95 152ms
2015-01-04T10:47:35.527-0500 I QUERY    [conn4] command test.$cmd command: update { $msg: "query not recording (too large)" } keyUpdates:0  reslen:95 135ms
2015-01-04T10:47:35.787-0500 I QUERY    [conn4] command test.$cmd command: update { $msg: "query not recording (too large)" } keyUpdates:0  reslen:95 174ms
2015-01-04T10:47:35.925-0500 I QUERY    [conn4] command test.$cmd command: update { $msg: "query not recording (too large)" } keyUpdates:0  reslen:95 132ms
2015-01-04T10:47:36.065-0500 I QUERY    [conn4] command test.$cmd command: update { $msg: "query not recording (too large)" } keyUpdates:0  reslen:95 134ms
2015-01-04T10:47:36.205-0500 I QUERY    [conn4] command test.$cmd command: update { $msg: "query not recording (too large)" } keyUpdates:0  reslen:95 134ms
2015-01-04T10:47:36.346-0500 I QUERY    [conn4] command test.$cmd command: update { $msg: "query not recording (too large)" } keyUpdates:0  reslen:95 134ms
2015-01-04T10:47:36.490-0500 I QUERY    [conn4] command test.$cmd command: update { $msg: "query not recording (too large)" } keyUpdates:0  reslen:95 138ms
2015-01-04T10:47:36.631-0500 I QUERY    [conn4] command test.$cmd command: update { $msg: "query not recording (too large)" } keyUpdates:0  reslen:95 135ms
2015-01-04T10:47:36.772-0500 I QUERY    [conn4] command test.$cmd command: update { $msg: "query not recording (too large)" } keyUpdates:0  reslen:95 134ms
2015-01-04T10:47:36.912-0500 I QUERY    [conn4] command test.$cmd command: update { $msg: "query not recording (too large)" } keyUpdates:0  reslen:95 134ms
2015-01-04T10:47:37.055-0500 I QUERY    [conn4] command test.$cmd command: update { $msg: "query not recording (too large)" } keyUpdates:0  reslen:95 137ms
2015-01-04T10:47:37.279-0500 I QUERY    [conn4] command test.$cmd command: update { $msg: "query not recording (too large)" } keyUpdates:0  reslen:95 135ms
2015-01-04T10:47:37.424-0500 I QUERY    [conn4] command test.$cmd command: update { $msg: "query not recording (too large)" } keyUpdates:0  reslen:95 136ms
2015-01-04T10:47:37.607-0500 I QUERY    [conn4] command test.$cmd command: update { $msg: "query not recording (too large)" } keyUpdates:0  reslen:95 177ms
2015-01-04T10:47:37.796-0500 I QUERY    [conn4] command test.$cmd command: update { $msg: "query not recording (too large)" } keyUpdates:0  reslen:95 183ms
2015-01-04T10:47:37.937-0500 I QUERY    [conn4] command test.$cmd command: update { $msg: "query not recording (too large)" } keyUpdates:0  reslen:95 134ms
2015-01-04T10:47:38.078-0500 I QUERY    [conn4] command test.$cmd command: update { $msg: "query not recording (too large)" } keyUpdates:0  reslen:95 135ms
2015-01-04T10:47:38.219-0500 I QUERY    [conn4] command test.$cmd command: update { $msg: "query not recording (too large)" } keyUpdates:0  reslen:95 134ms
2015-01-04T10:47:38.361-0500 I QUERY    [conn4] command test.$cmd command: update { $msg: "query not recording (too large)" } keyUpdates:0  reslen:95 136ms
2015-01-04T10:47:38.501-0500 I QUERY    [conn4] command test.$cmd command: update { $msg: "query not recording (too large)" } keyUpdates:0  reslen:95 134ms
2015-01-04T10:47:38.644-0500 I QUERY    [conn4] command test.$cmd command: update { $msg: "query not recording (too large)" } keyUpdates:0  reslen:95 136ms
2015-01-04T10:47:38.859-0500 I QUERY    [conn4] command test.$cmd command: update { $msg: "query not recording (too large)" } keyUpdates:0  reslen:95 136ms
2015-01-04T10:47:39.000-0500 I QUERY    [conn4] command test.$cmd command: update { $msg: "query not recording (too large)" } keyUpdates:0  reslen:95 135ms
2015-01-04T10:47:39.141-0500 I QUERY    [conn4] command test.$cmd command: update { $msg: "query not recording (too large)" } keyUpdates:0  reslen:95 134ms
2015-01-04T10:47:39.282-0500 I QUERY    [conn4] command test.$cmd command: update { $msg: "query not recording (too large)" } keyUpdates:0  reslen:95 135ms
2015-01-04T10:47:39.432-0500 I QUERY    [conn4] command test.$cmd command: update { $msg: "query not recording (too large)" } keyUpdates:0  reslen:95 143ms
2015-01-04T10:47:39.573-0500 I QUERY    [conn4] command test.$cmd command: update { $msg: "query not recording (too large)" } keyUpdates:0  reslen:95 135ms
2015-01-04T10:47:39.715-0500 I QUERY    [conn4] command test.$cmd command: update { $msg: "query not recording (too large)" } keyUpdates:0  reslen:95 135ms
2015-01-04T10:47:39.895-0500 I QUERY    [conn4] command test.$cmd command: update { $msg: "query not recording (too large)" } keyUpdates:0  reslen:95 174ms
2015-01-04T10:47:40.039-0500 I QUERY    [conn4] command test.$cmd command: update { $msg: "query not recording (too large)" } keyUpdates:0  reslen:95 135ms
2015-01-04T10:47:40.180-0500 I QUERY    [conn4] command test.$cmd command: update { $msg: "query not recording (too large)" } keyUpdates:0  reslen:95 135ms
2015-01-04T10:47:40.397-0500 I QUERY    [conn4] command test.$cmd command: update { $msg: "query not recording (too large)" } keyUpdates:0  reslen:95 136ms
2015-01-04T10:47:40.541-0500 I QUERY    [conn4] command test.$cmd command: update { $msg: "query not recording (too large)" } keyUpdates:0  reslen:95 135ms
2015-01-04T10:47:40.686-0500 I QUERY    [conn4] command test.$cmd command: update { $msg: "query not recording (too large)" } keyUpdates:0  reslen:95 136ms
2015-01-04T10:47:40.829-0500 I QUERY    [conn4] command test.$cmd command: update { $msg: "query not recording (too large)" } keyUpdates:0  reslen:95 136ms
2015-01-04T10:47:40.970-0500 I QUERY    [conn4] command test.$cmd command: update { $msg: "query not recording (too large)" } keyUpdates:0  reslen:95 135ms
2015-01-04T10:47:41.112-0500 I QUERY    [conn4] command test.$cmd command: update { $msg: "query not recording (too large)" } keyUpdates:0  reslen:95 136ms
2015-01-04T10:47:41.256-0500 I QUERY    [conn4] command test.$cmd command: update { $msg: "query not recording (too large)" } keyUpdates:0  reslen:95 137ms
2015-01-04T10:47:41.400-0500 I QUERY    [conn4] command test.$cmd command: update { $msg: "query not recording (too large)" } keyUpdates:0  reslen:95 138ms
2015-01-04T10:47:41.543-0500 I QUERY    [conn4] command test.$cmd command: update { $msg: "query not recording (too large)" } keyUpdates:0  reslen:95 137ms
2015-01-04T10:47:41.688-0500 I QUERY    [conn4] command test.$cmd command: update { $msg: "query not recording (too large)" } keyUpdates:0  reslen:95 139ms
2015-01-04T10:47:41.952-0500 I QUERY    [conn4] command test.$cmd command: update { $msg: "query not recording (too large)" } keyUpdates:0  reslen:95 184ms
2015-01-04T10:47:42.094-0500 I QUERY    [conn4] command test.$cmd command: update { $msg: "query not recording (too large)" } keyUpdates:0  reslen:95 136ms
2015-01-04T10:47:42.238-0500 I QUERY    [conn4] command test.$cmd command: update { $msg: "query not recording (too large)" } keyUpdates:0  reslen:95 137ms
2015-01-04T10:47:42.384-0500 I QUERY    [conn4] command test.$cmd command: update { $msg: "query not recording (too large)" } keyUpdates:0  reslen:95 140ms
2015-01-04T10:47:42.527-0500 I QUERY    [conn4] command test.$cmd command: update { $msg: "query not recording (too large)" } keyUpdates:0  reslen:95 137ms
2015-01-04T10:47:42.672-0500 I QUERY    [conn4] command test.$cmd command: update { $msg: "query not recording (too large)" } keyUpdates:0  reslen:95 138ms
2015-01-04T10:47:42.815-0500 I QUERY    [conn4] command test.$cmd command: update { $msg: "query not recording (too large)" } keyUpdates:0  reslen:95 137ms
2015-01-04T10:47:42.959-0500 I QUERY    [conn4] command test.$cmd command: update { $msg: "query not recording (too large)" } keyUpdates:0  reslen:95 138ms
2015-01-04T10:47:43.103-0500 I QUERY    [conn4] command test.$cmd command: update { $msg: "query not recording (too large)" } keyUpdates:0  reslen:95 137ms
2015-01-04T10:47:43.252-0500 I QUERY    [conn4] command test.$cmd command: update { $msg: "query not recording (too large)" } keyUpdates:0  reslen:95 142ms
2015-01-04T10:47:43.476-0500 I QUERY    [conn4] command test.$cmd command: update { $msg: "query not recording (too large)" } keyUpdates:0  reslen:95 139ms
2015-01-04T10:47:43.621-0500 I QUERY    [conn4] command test.$cmd command: update { $msg: "query not recording (too large)" } keyUpdates:0  reslen:95 139ms
2015-01-04T10:47:43.765-0500 I QUERY    [conn4] command test.$cmd command: update { $msg: "query not recording (too large)" } keyUpdates:0  reslen:95 137ms
2015-01-04T10:47:43.955-0500 I QUERY    [conn4] command test.$cmd command: update { $msg: "query not recording (too large)" } keyUpdates:0  reslen:95 184ms
2015-01-04T10:47:44.102-0500 I QUERY    [conn4] command test.$cmd command: update { $msg: "query not recording (too large)" } keyUpdates:0  reslen:95 140ms
2015-01-04T10:47:44.249-0500 I QUERY    [conn4] command test.$cmd command: update { $msg: "query not recording (too large)" } keyUpdates:0  reslen:95 140ms
2015-01-04T10:47:44.395-0500 I QUERY    [conn4] command test.$cmd command: update { $msg: "query not recording (too large)" } keyUpdates:0  reslen:95 140ms
2015-01-04T10:47:44.541-0500 I QUERY    [conn4] command test.$cmd command: update { $msg: "query not recording (too large)" } keyUpdates:0  reslen:95 139ms
2015-01-04T10:47:44.687-0500 I QUERY    [conn4] command test.$cmd command: update { $msg: "query not recording (too large)" } keyUpdates:0  reslen:95 140ms
2015-01-04T10:47:44.834-0500 I QUERY    [conn4] command test.$cmd command: update { $msg: "query not recording (too large)" } keyUpdates:0  reslen:95 141ms
2015-01-04T10:47:45.055-0500 I QUERY    [conn4] command test.$cmd command: update { $msg: "query not recording (too large)" } keyUpdates:0  reslen:95 140ms
2015-01-04T10:47:45.199-0500 I QUERY    [conn4] command test.$cmd command: update { $msg: "query not recording (too large)" } keyUpdates:0  reslen:95 138ms
2015-01-04T10:47:45.344-0500 I QUERY    [conn4] command test.$cmd command: update { $msg: "query not recording (too large)" } keyUpdates:0  reslen:95 139ms
2015-01-04T10:47:45.489-0500 I QUERY    [conn4] command test.$cmd command: update { $msg: "query not recording (too large)" } keyUpdates:0  reslen:95 138ms
2015-01-04T10:47:45.635-0500 I QUERY    [conn4] command test.$cmd command: update { $msg: "query not recording (too large)" } keyUpdates:0  reslen:95 140ms
2015-01-04T10:47:45.782-0500 I QUERY    [conn4] command test.$cmd command: update { $msg: "query not recording (too large)" } keyUpdates:0  reslen:95 141ms
2015-01-04T10:47:45.966-0500 I QUERY    [conn4] command test.$cmd command: update { $msg: "query not recording (too large)" } keyUpdates:0  reslen:95 176ms
2015-01-04T10:47:46.113-0500 I QUERY    [conn4] command test.$cmd command: update { $msg: "query not recording (too large)" } keyUpdates:0  reslen:95 141ms
2015-01-04T10:47:46.260-0500 I QUERY    [conn4] command test.$cmd command: update { $msg: "query not recording (too large)" } keyUpdates:0  reslen:95 141ms
2015-01-04T10:47:46.406-0500 I QUERY    [conn4] command test.$cmd command: update { $msg: "query not recording (too large)" } keyUpdates:0  reslen:95 139ms
2015-01-04T10:47:46.640-0500 I QUERY    [conn4] command test.$cmd command: update { $msg: "query not recording (too large)" } keyUpdates:0  reslen:95 141ms
2015-01-04T10:47:46.787-0500 I QUERY    [conn4] command test.$cmd command: update { $msg: "query not recording (too large)" } keyUpdates:0  reslen:95 141ms
2015-01-04T10:47:46.935-0500 I QUERY    [conn4] command test.$cmd command: update { $msg: "query not recording (too large)" } keyUpdates:0  reslen:95 142ms
2015-01-04T10:47:47.084-0500 I QUERY    [conn4] command test.$cmd command: update { $msg: "query not recording (too large)" } keyUpdates:0  reslen:95 141ms
2015-01-04T10:47:47.232-0500 I QUERY    [conn4] command test.$cmd command: update { $msg: "query not recording (too large)" } keyUpdates:0  reslen:95 139ms
2015-01-04T10:47:47.378-0500 I QUERY    [conn4] command test.$cmd command: update { $msg: "query not recording (too large)" } keyUpdates:0  reslen:95 140ms
2015-01-04T10:47:47.526-0500 I QUERY    [conn4] command test.$cmd command: update { $msg: "query not recording (too large)" } keyUpdates:0  reslen:95 140ms
2015-01-04T10:47:47.672-0500 I QUERY    [conn4] command test.$cmd command: update { $msg: "query not recording (too large)" } keyUpdates:0  reslen:95 140ms
2015-01-04T10:47:47.818-0500 I QUERY    [conn4] command test.$cmd command: update { $msg: "query not recording (too large)" } keyUpdates:0  reslen:95 139ms
2015-01-04T10:47:48.004-0500 I QUERY    [conn4] command test.$cmd command: update { $msg: "query not recording (too large)" } keyUpdates:0  reslen:95 180ms
2015-01-04T10:47:48.224-0500 I QUERY    [conn4] command test.$cmd command: update { $msg: "query not recording (too large)" } keyUpdates:0  reslen:95 141ms
2015-01-04T10:47:48.372-0500 I QUERY    [conn4] command test.$cmd command: update { $msg: "query not recording (too large)" } keyUpdates:0  reslen:95 141ms
2015-01-04T10:47:48.518-0500 I QUERY    [conn4] command test.$cmd command: update { $msg: "query not recording (too large)" } keyUpdates:0  reslen:95 140ms
2015-01-04T10:47:48.667-0500 I QUERY    [conn4] command test.$cmd command: update { $msg: "query not recording (too large)" } keyUpdates:0  reslen:95 143ms
2015-01-04T10:47:48.813-0500 I QUERY    [conn4] command test.$cmd command: update { $msg: "query not recording (too large)" } keyUpdates:0  reslen:95 140ms
2015-01-04T10:47:48.963-0500 I QUERY    [conn4] command test.$cmd command: update { $msg: "query not recording (too large)" } keyUpdates:0  reslen:95 141ms
2015-01-04T10:47:49.114-0500 I QUERY    [conn4] command test.$cmd command: update { $msg: "query not recording (too large)" } keyUpdates:0  reslen:95 143ms
2015-01-04T10:47:49.266-0500 I QUERY    [conn4] command test.$cmd command: update { $msg: "query not recording (too large)" } keyUpdates:0  reslen:95 144ms
2015-01-04T10:47:49.419-0500 I QUERY    [conn4] command test.$cmd command: update { $msg: "query not recording (too large)" } keyUpdates:0  reslen:95 147ms
2015-01-04T10:47:49.570-0500 I QUERY    [conn4] command test.$cmd command: update { $msg: "query not recording (too large)" } keyUpdates:0  reslen:95 142ms
2015-01-04T10:47:49.800-0500 I QUERY    [conn4] command test.$cmd command: update { $msg: "query not recording (too large)" } keyUpdates:0  reslen:95 146ms
2015-01-04T10:47:49.986-0500 I QUERY    [conn4] command test.$cmd command: update { $msg: "query not recording (too large)" } keyUpdates:0  reslen:95 177ms
2015-01-04T10:47:50.133-0500 I QUERY    [conn4] command test.$cmd command: update { $msg: "query not recording (too large)" } keyUpdates:0  reslen:95 142ms
2015-01-04T10:47:50.282-0500 I QUERY    [conn4] command test.$cmd command: update { $msg: "query not recording (too large)" } keyUpdates:0  reslen:95 143ms
2015-01-04T10:47:50.433-0500 I QUERY    [conn4] command test.$cmd command: update { $msg: "query not recording (too large)" } keyUpdates:0  reslen:95 145ms
2015-01-04T10:47:50.580-0500 I QUERY    [conn4] command test.$cmd command: update { $msg: "query not recording (too large)" } keyUpdates:0  reslen:95 141ms
2015-01-04T10:47:50.729-0500 I QUERY    [conn4] command test.$cmd command: update { $msg: "query not recording (too large)" } keyUpdates:0  reslen:95 143ms
2015-01-04T10:47:50.877-0500 I QUERY    [conn4] command test.$cmd command: update { $msg: "query not recording (too large)" } keyUpdates:0  reslen:95 142ms
2015-01-04T10:47:51.025-0500 I QUERY    [conn4] command test.$cmd command: update { $msg: "query not recording (too large)" } keyUpdates:0  reslen:95 142ms
2015-01-04T10:47:51.174-0500 I QUERY    [conn4] command test.$cmd command: update { $msg: "query not recording (too large)" } keyUpdates:0  reslen:95 143ms
2015-01-04T10:47:51.401-0500 I QUERY    [conn4] command test.$cmd command: update { $msg: "query not recording (too large)" } keyUpdates:0  reslen:95 143ms
2015-01-04T10:47:51.551-0500 I QUERY    [conn4] command test.$cmd command: update { $msg: "query not recording (too large)" } keyUpdates:0  reslen:95 144ms
2015-01-04T10:47:51.704-0500 I QUERY    [conn4] command test.$cmd command: update { $msg: "query not recording (too large)" } keyUpdates:0  reslen:95 147ms
2015-01-04T10:47:51.855-0500 I QUERY    [conn4] command test.$cmd command: update { $msg: "query not recording (too large)" } keyUpdates:0  reslen:95 144ms
2015-01-04T10:47:52.044-0500 I QUERY    [conn4] command test.$cmd command: update { $msg: "query not recording (too large)" } keyUpdates:0  reslen:95 183ms
2015-01-04T10:47:52.194-0500 I QUERY    [conn4] command test.$cmd command: update { $msg: "query not recording (too large)" } keyUpdates:0  reslen:95 143ms
2015-01-04T10:47:52.343-0500 I QUERY    [conn4] command test.$cmd command: update { $msg: "query not recording (too large)" } keyUpdates:0  reslen:95 143ms
2015-01-04T10:47:52.496-0500 I QUERY    [conn4] command test.$cmd command: update { $msg: "query not recording (too large)" } keyUpdates:0  reslen:95 147ms
2015-01-04T10:47:52.645-0500 I QUERY    [conn4] command test.$cmd command: update { $msg: "query not recording (too large)" } keyUpdates:0  reslen:95 143ms
2015-01-04T10:47:52.797-0500 I QUERY    [conn4] command test.$cmd command: update { $msg: "query not recording (too large)" } keyUpdates:0  reslen:95 145ms
2015-01-04T10:47:53.025-0500 I QUERY    [conn4] command test.$cmd command: update { $msg: "query not recording (too large)" } keyUpdates:0  reslen:95 145ms
2015-01-04T10:47:53.179-0500 I QUERY    [conn4] command test.$cmd command: update { $msg: "query not recording (too large)" } keyUpdates:0  reslen:95 148ms
2015-01-04T10:47:53.331-0500 I QUERY    [conn4] command test.$cmd command: update { $msg: "query not recording (too large)" } keyUpdates:0  reslen:95 145ms
2015-01-04T10:47:53.501-0500 I QUERY    [conn4] command test.$cmd command: update { $msg: "query not recording (too large)" } keyUpdates:0  reslen:95 163ms
2015-01-04T10:47:53.657-0500 I QUERY    [conn4] command test.$cmd command: update { $msg: "query not recording (too large)" } keyUpdates:0  reslen:95 150ms
2015-01-04T10:47:53.814-0500 I QUERY    [conn4] command test.$cmd command: update { $msg: "query not recording (too large)" } keyUpdates:0  reslen:95 150ms
2015-01-04T10:47:53.964-0500 I QUERY    [conn4] command test.$cmd command: update { $msg: "query not recording (too large)" } keyUpdates:0  reslen:95 144ms
2015-01-04T10:47:54.155-0500 I QUERY    [conn4] command test.$cmd command: update { $msg: "query not recording (too large)" } keyUpdates:0  reslen:95 184ms
2015-01-04T10:47:54.308-0500 I QUERY    [conn4] command test.$cmd command: update { $msg: "query not recording (too large)" } keyUpdates:0  reslen:95 147ms
2015-01-04T10:47:54.461-0500 I QUERY    [conn4] command test.$cmd command: update { $msg: "query not recording (too large)" } keyUpdates:0  reslen:95 144ms
2015-01-04T10:47:54.685-0500 I QUERY    [conn4] command test.$cmd command: update { $msg: "query not recording (too large)" } keyUpdates:0  reslen:95 145ms
2015-01-04T10:47:54.840-0500 I QUERY    [conn4] command test.$cmd command: update { $msg: "query not recording (too large)" } keyUpdates:0  reslen:95 148ms
2015-01-04T10:47:54.994-0500 I QUERY    [conn4] command test.$cmd command: update { $msg: "query not recording (too large)" } keyUpdates:0  reslen:95 146ms
2015-01-04T10:47:55.146-0500 I QUERY    [conn4] command test.$cmd command: update { $msg: "query not recording (too large)" } keyUpdates:0  reslen:95 146ms
2015-01-04T10:47:55.296-0500 I QUERY    [conn4] command test.$cmd command: update { $msg: "query not recording (too large)" } keyUpdates:0  reslen:95 143ms
2015-01-04T10:47:55.450-0500 I QUERY    [conn4] command test.$cmd command: update { $msg: "query not recording (too large)" } keyUpdates:0  reslen:95 147ms
2015-01-04T10:47:55.601-0500 I QUERY    [conn4] command test.$cmd command: update { $msg: "query not recording (too large)" } keyUpdates:0  reslen:95 145ms
2015-01-04T10:47:55.758-0500 I QUERY    [conn4] command test.$cmd command: update { $msg: "query not recording (too large)" } keyUpdates:0  reslen:95 149ms
2015-01-04T10:47:55.913-0500 I QUERY    [conn4] command test.$cmd command: update { $msg: "query not recording (too large)" } keyUpdates:0  reslen:95 149ms
2015-01-04T10:47:56.114-0500 I QUERY    [conn4] command test.$cmd command: update { $msg: "query not recording (too large)" } keyUpdates:0  reslen:95 190ms
2015-01-04T10:47:56.344-0500 I QUERY    [conn4] command test.$cmd command: update { $msg: "query not recording (too large)" } keyUpdates:0  reslen:95 149ms
2015-01-04T10:47:56.524-0500 I QUERY    [conn4] command test.$cmd command: update { $msg: "query not recording (too large)" } keyUpdates:0  reslen:95 174ms
2015-01-04T10:47:56.679-0500 I QUERY    [conn4] command test.$cmd command: update { $msg: "query not recording (too large)" } keyUpdates:0  reslen:95 149ms
2015-01-04T10:47:56.836-0500 I QUERY    [conn4] command test.$cmd command: update { $msg: "query not recording (too large)" } keyUpdates:0  reslen:95 150ms
2015-01-04T10:47:56.994-0500 I QUERY    [conn4] command test.$cmd command: update { $msg: "query not recording (too large)" } keyUpdates:0  reslen:95 152ms
2015-01-04T10:47:57.147-0500 I QUERY    [conn4] command test.$cmd command: update { $msg: "query not recording (too large)" } keyUpdates:0  reslen:95 146ms
2015-01-04T10:47:57.303-0500 I QUERY    [conn4] command test.$cmd command: update { $msg: "query not recording (too large)" } keyUpdates:0  reslen:95 149ms
2015-01-04T10:47:57.457-0500 I QUERY    [conn4] command test.$cmd command: update { $msg: "query not recording (too large)" } keyUpdates:0  reslen:95 148ms
2015-01-04T10:47:57.620-0500 I QUERY    [conn4] command test.$cmd command: update { $msg: "query not recording (too large)" } keyUpdates:0  reslen:95 156ms
2015-01-04T10:47:57.776-0500 I QUERY    [conn4] command test.$cmd command: update { $msg: "query not recording (too large)" } keyUpdates:0  reslen:95 149ms
2015-01-04T10:47:58.006-0500 I QUERY    [conn4] command test.$cmd command: update { $msg: "query not recording (too large)" } keyUpdates:0  reslen:95 150ms
2015-01-04T10:47:58.200-0500 I QUERY    [conn4] command test.$cmd command: update { $msg: "query not recording (too large)" } keyUpdates:0  reslen:95 187ms
2015-01-04T10:47:58.362-0500 I QUERY    [conn4] command test.$cmd command: update { $msg: "query not recording (too large)" } keyUpdates:0  reslen:95 151ms
2015-01-04T10:47:58.517-0500 I QUERY    [conn4] command test.$cmd command: update { $msg: "query not recording (too large)" } keyUpdates:0  reslen:95 148ms
2015-01-04T10:47:58.672-0500 I QUERY    [conn4] command test.$cmd command: update { $msg: "query not recording (too large)" } keyUpdates:0  reslen:95 148ms
2015-01-04T10:47:58.827-0500 I QUERY    [conn4] command test.$cmd command: update { $msg: "query not recording (too large)" } keyUpdates:0  reslen:95 148ms
2015-01-04T10:47:58.980-0500 I QUERY    [conn4] command test.$cmd command: update { $msg: "query not recording (too large)" } keyUpdates:0  reslen:95 146ms
2015-01-04T10:47:59.133-0500 I QUERY    [conn4] command test.$cmd command: update { $msg: "query not recording (too large)" } keyUpdates:0  reslen:95 146ms
2015-01-04T10:47:59.295-0500 I QUERY    [conn4] command test.$cmd command: update { $msg: "query not recording (too large)" } keyUpdates:0  reslen:95 156ms
2015-01-04T10:47:59.453-0500 I QUERY    [conn4] command test.$cmd command: update { $msg: "query not recording (too large)" } keyUpdates:0  reslen:95 151ms
2015-01-04T10:47:59.684-0500 I QUERY    [conn4] command test.$cmd command: update { $msg: "query not recording (too large)" } keyUpdates:0  reslen:95 147ms
2015-01-04T10:47:59.841-0500 I QUERY    [conn4] command test.$cmd command: update { $msg: "query not recording (too large)" } keyUpdates:0  reslen:95 148ms
2015-01-04T10:47:59.997-0500 I QUERY    [conn4] command test.$cmd command: update { $msg: "query not recording (too large)" } keyUpdates:0  reslen:95 150ms
2015-01-04T10:48:00.150-0500 I QUERY    [conn4] command test.$cmd command: update { $msg: "query not recording (too large)" } keyUpdates:0  reslen:95 147ms
2015-01-04T10:48:00.351-0500 I QUERY    [conn4] command test.$cmd command: update { $msg: "query not recording (too large)" } keyUpdates:0  reslen:95 194ms
2015-01-04T10:48:00.528-0500 I QUERY    [conn4] command test.$cmd command: update { $msg: "query not recording (too large)" } keyUpdates:0  reslen:95 171ms
2015-01-04T10:48:00.687-0500 I QUERY    [conn4] command test.$cmd command: update { $msg: "query not recording (too large)" } keyUpdates:0  reslen:95 152ms
2015-01-04T10:48:00.845-0500 I QUERY    [conn4] command test.$cmd command: update { $msg: "query not recording (too large)" } keyUpdates:0  reslen:95 151ms
2015-01-04T10:48:01.002-0500 I QUERY    [conn4] command test.$cmd command: update { $msg: "query not recording (too large)" } keyUpdates:0  reslen:95 151ms
2015-01-04T10:48:01.159-0500 I QUERY    [conn4] command test.$cmd command: update { $msg: "query not recording (too large)" } keyUpdates:0  reslen:95 150ms
2015-01-04T10:48:01.396-0500 I QUERY    [conn4] command test.$cmd command: update { $msg: "query not recording (too large)" } keyUpdates:0  reslen:95 155ms
2015-01-04T10:48:01.558-0500 I QUERY    [conn4] command test.$cmd command: update { $msg: "query not recording (too large)" } keyUpdates:0  reslen:95 155ms
2015-01-04T10:48:01.717-0500 I QUERY    [conn4] command test.$cmd command: update { $msg: "query not recording (too large)" } keyUpdates:0  reslen:95 153ms
2015-01-04T10:48:01.873-0500 I QUERY    [conn4] command test.$cmd command: update { $msg: "query not recording (too large)" } keyUpdates:0  reslen:95 149ms
2015-01-04T10:48:02.031-0500 I QUERY    [conn4] command test.$cmd command: update { $msg: "query not recording (too large)" } keyUpdates:0  reslen:95 151ms
2015-01-04T10:48:02.189-0500 I QUERY    [conn4] command test.$cmd command: update { $msg: "query not recording (too large)" } keyUpdates:0  reslen:95 152ms
2015-01-04T10:48:02.389-0500 I QUERY    [conn4] command test.$cmd command: update { $msg: "query not recording (too large)" } keyUpdates:0  reslen:95 192ms
2015-01-04T10:48:02.554-0500 I QUERY    [conn4] command test.$cmd command: update { $msg: "query not recording (too large)" } keyUpdates:0  reslen:95 159ms
2015-01-04T10:48:02.716-0500 I QUERY    [conn4] command test.$cmd command: update { $msg: "query not recording (too large)" } keyUpdates:0  reslen:95 155ms
2015-01-04T10:48:02.879-0500 I QUERY    [conn4] command test.$cmd command: update { $msg: "query not recording (too large)" } keyUpdates:0  reslen:95 157ms
2015-01-04T10:48:03.120-0500 I QUERY    [conn4] command test.$cmd command: update { $msg: "query not recording (too large)" } keyUpdates:0  reslen:95 155ms
2015-01-04T10:48:03.281-0500 I QUERY    [conn4] command test.$cmd command: update { $msg: "query not recording (too large)" } keyUpdates:0  reslen:95 155ms
2015-01-04T10:48:03.459-0500 I QUERY    [conn4] command test.$cmd command: update { $msg: "query not recording (too large)" } keyUpdates:0  reslen:95 171ms
2015-01-04T10:48:03.619-0500 I QUERY    [conn4] command test.$cmd command: update { $msg: "query not recording (too large)" } keyUpdates:0  reslen:95 153ms
2015-01-04T10:48:03.782-0500 I QUERY    [conn4] command test.$cmd command: update { $msg: "query not recording (too large)" } keyUpdates:0  reslen:95 155ms
2015-01-04T10:48:03.948-0500 I QUERY    [conn4] command test.$cmd command: update { $msg: "query not recording (too large)" } keyUpdates:0  reslen:95 159ms
2015-01-04T10:48:04.111-0500 I QUERY    [conn4] command test.$cmd command: update { $msg: "query not recording (too large)" } keyUpdates:0  reslen:95 156ms
2015-01-04T10:48:04.309-0500 I QUERY    [conn4] command test.$cmd command: update { $msg: "query not recording (too large)" } keyUpdates:0  reslen:95 192ms
2015-01-04T10:48:04.473-0500 I QUERY    [conn4] command test.$cmd command: update { $msg: "query not recording (too large)" } keyUpdates:0  reslen:95 156ms
2015-01-04T10:48:04.638-0500 I QUERY    [conn4] command test.$cmd command: update { $msg: "query not recording (too large)" } keyUpdates:0  reslen:95 158ms
2015-01-04T10:48:04.645-0500 I NETWORK  [conn4] end connection 127.0.0.1:45419 (2 connections now open)
2015-01-04T10:48:04.658-0500 I NETWORK  [conn3] end connection 127.0.0.1:45418 (1 connection now open)
2015-01-04T10:48:04.660-0500 I NETWORK  [conn5] end connection 127.0.0.1:45420 (0 connections now open)
